{"D:\\Prompt War\\virtual-promp-war\\fix.cjs": {"path":"D:\\Prompt War\\virtual-promp-war\\fix.cjs","all":true,"statementMap":{"0":{"start":{"line":1,"column":0},"end":{"line":1,"column":25}},"1":{"start":{"line":2,"column":0},"end":{"line":2,"column":54}},"2":{"start":{"line":3,"column":0},"end":{"line":3,"column":0}},"3":{"start":{"line":4,"column":0},"end":{"line":4,"column":30}},"4":{"start":{"line":5,"column":0},"end":{"line":5,"column":91}},"5":{"start":{"line":6,"column":0},"end":{"line":6,"column":0}},"6":{"start":{"line":7,"column":0},"end":{"line":7,"column":18}},"7":{"start":{"line":8,"column":0},"end":{"line":8,"column":66}},"8":{"start":{"line":9,"column":0},"end":{"line":9,"column":0}},"9":{"start":{"line":10,"column":0},"end":{"line":10,"column":34}},"10":{"start":{"line":11,"column":0},"end":{"line":11,"column":180}},"11":{"start":{"line":12,"column":0},"end":{"line":12,"column":53}},"12":{"start":{"line":13,"column":0},"end":{"line":13,"column":69}},"13":{"start":{"line":14,"column":0},"end":{"line":14,"column":69}},"14":{"start":{"line":15,"column":0},"end":{"line":15,"column":45}},"15":{"start":{"line":16,"column":0},"end":{"line":16,"column":0}},"16":{"start":{"line":17,"column":0},"end":{"line":17,"column":77}},"17":{"start":{"line":18,"column":0},"end":{"line":18,"column":0}},"18":{"start":{"line":19,"column":0},"end":{"line":19,"column":92}},"19":{"start":{"line":20,"column":0},"end":{"line":20,"column":126}},"20":{"start":{"line":21,"column":0},"end":{"line":21,"column":79}},"21":{"start":{"line":22,"column":0},"end":{"line":22,"column":1}},"22":{"start":{"line":23,"column":0},"end":{"line":23,"column":0}},"23":{"start":{"line":24,"column":0},"end":{"line":24,"column":101}},"24":{"start":{"line":25,"column":0},"end":{"line":25,"column":27}},"25":{"start":{"line":26,"column":0},"end":{"line":26,"column":25}},"26":{"start":{"line":27,"column":0},"end":{"line":27,"column":69}},"27":{"start":{"line":28,"column":0},"end":{"line":28,"column":3}},"28":{"start":{"line":29,"column":0},"end":{"line":29,"column":9}},"29":{"start":{"line":30,"column":0},"end":{"line":30,"column":2}},"30":{"start":{"line":31,"column":0},"end":{"line":31,"column":3}},"31":{"start":{"line":32,"column":0},"end":{"line":32,"column":0}},"32":{"start":{"line":33,"column":0},"end":{"line":33,"column":139}},"33":{"start":{"line":34,"column":0},"end":{"line":34,"column":149}},"34":{"start":{"line":35,"column":0},"end":{"line":35,"column":236}},"35":{"start":{"line":36,"column":0},"end":{"line":36,"column":0}},"36":{"start":{"line":37,"column":0},"end":{"line":37,"column":27}},"37":{"start":{"line":38,"column":0},"end":{"line":38,"column":72}},"38":{"start":{"line":39,"column":0},"end":{"line":39,"column":91}},"39":{"start":{"line":40,"column":0},"end":{"line":40,"column":0}},"40":{"start":{"line":41,"column":0},"end":{"line":41,"column":42}},"41":{"start":{"line":42,"column":0},"end":{"line":42,"column":37}},"42":{"start":{"line":43,"column":0},"end":{"line":43,"column":0}},"43":{"start":{"line":44,"column":0},"end":{"line":44,"column":60}},"44":{"start":{"line":45,"column":0},"end":{"line":45,"column":202}},"45":{"start":{"line":46,"column":0},"end":{"line":46,"column":232}},"46":{"start":{"line":47,"column":0},"end":{"line":47,"column":203}},"47":{"start":{"line":48,"column":0},"end":{"line":48,"column":233}},"48":{"start":{"line":49,"column":0},"end":{"line":49,"column":200}},"49":{"start":{"line":50,"column":0},"end":{"line":50,"column":230}},"50":{"start":{"line":51,"column":0},"end":{"line":51,"column":0}},"51":{"start":{"line":52,"column":0},"end":{"line":52,"column":48}},"52":{"start":{"line":53,"column":0},"end":{"line":53,"column":37}}},"s":{"0":0,"1":0,"2":0,"3":0,"4":0,"5":0,"6":0,"7":0,"8":0,"9":0,"10":0,"11":0,"12":0,"13":0,"14":0,"15":0,"16":0,"17":0,"18":0,"19":0,"20":0,"21":0,"22":0,"23":0,"24":0,"25":0,"26":0,"27":0,"28":0,"29":0,"30":0,"31":0,"32":0,"33":0,"34":0,"35":0,"36":0,"37":0,"38":0,"39":0,"40":0,"41":0,"42":0,"43":0,"44":0,"45":0,"46":0,"47":0,"48":0,"49":0,"50":0,"51":0,"52":0},"branchMap":{"0":{"type":"branch","line":1,"loc":{"start":{"line":1,"column":0},"end":{"line":53,"column":37}},"locations":[{"start":{"line":1,"column":0},"end":{"line":53,"column":37}}]}},"b":{"0":[0]},"fnMap":{"0":{"name":"(empty-report)","decl":{"start":{"line":1,"column":0},"end":{"line":53,"column":37}},"loc":{"start":{"line":1,"column":0},"end":{"line":53,"column":37}},"line":1}},"f":{"0":0}}
,"D:\\Prompt War\\virtual-promp-war\\postcss.config.js": {"path":"D:\\Prompt War\\virtual-promp-war\\postcss.config.js","all":true,"statementMap":{"0":{"start":{"line":1,"column":0},"end":{"line":1,"column":16}},"1":{"start":{"line":2,"column":0},"end":{"line":2,"column":12}},"2":{"start":{"line":3,"column":0},"end":{"line":3,"column":20}},"3":{"start":{"line":4,"column":0},"end":{"line":4,"column":21}},"4":{"start":{"line":5,"column":0},"end":{"line":5,"column":4}},"5":{"start":{"line":6,"column":0},"end":{"line":6,"column":1}}},"s":{"0":0,"1":0,"2":0,"3":0,"4":0,"5":0},"branchMap":{"0":{"type":"branch","line":1,"loc":{"start":{"line":1,"column":0},"end":{"line":6,"column":1}},"locations":[{"start":{"line":1,"column":0},"end":{"line":6,"column":1}}]}},"b":{"0":[0]},"fnMap":{"0":{"name":"(empty-report)","decl":{"start":{"line":1,"column":0},"end":{"line":6,"column":1}},"loc":{"start":{"line":1,"column":0},"end":{"line":6,"column":1}},"line":1}},"f":{"0":0}}
,"D:\\Prompt War\\virtual-promp-war\\tailwind.config.js": {"path":"D:\\Prompt War\\virtual-promp-war\\tailwind.config.js","all":true,"statementMap":{"0":{"start":{"line":1,"column":0},"end":{"line":1,"column":43}},"1":{"start":{"line":2,"column":0},"end":{"line":2,"column":16}},"2":{"start":{"line":3,"column":0},"end":{"line":3,"column":12}},"3":{"start":{"line":4,"column":0},"end":{"line":4,"column":19}},"4":{"start":{"line":5,"column":0},"end":{"line":5,"column":33}},"5":{"start":{"line":6,"column":0},"end":{"line":6,"column":4}},"6":{"start":{"line":7,"column":0},"end":{"line":7,"column":10}},"7":{"start":{"line":8,"column":0},"end":{"line":8,"column":13}},"8":{"start":{"line":9,"column":0},"end":{"line":9,"column":15}},"9":{"start":{"line":10,"column":0},"end":{"line":10,"column":18}},"10":{"start":{"line":11,"column":0},"end":{"line":11,"column":24}},"11":{"start":{"line":12,"column":0},"end":{"line":12,"column":25}},"12":{"start":{"line":13,"column":0},"end":{"line":13,"column":25}},"13":{"start":{"line":14,"column":0},"end":{"line":14,"column":25}},"14":{"start":{"line":15,"column":0},"end":{"line":15,"column":25}},"15":{"start":{"line":16,"column":0},"end":{"line":16,"column":10}},"16":{"start":{"line":17,"column":0},"end":{"line":17,"column":16}},"17":{"start":{"line":18,"column":0},"end":{"line":18,"column":26}},"18":{"start":{"line":19,"column":0},"end":{"line":19,"column":27}},"19":{"start":{"line":20,"column":0},"end":{"line":20,"column":28}},"20":{"start":{"line":21,"column":0},"end":{"line":21,"column":9}},"21":{"start":{"line":22,"column":0},"end":{"line":22,"column":8}},"22":{"start":{"line":23,"column":0},"end":{"line":23,"column":19}},"23":{"start":{"line":24,"column":0},"end":{"line":24,"column":38}},"24":{"start":{"line":25,"column":0},"end":{"line":25,"column":7}},"25":{"start":{"line":26,"column":0},"end":{"line":26,"column":6}},"26":{"start":{"line":27,"column":0},"end":{"line":27,"column":4}},"27":{"start":{"line":28,"column":0},"end":{"line":28,"column":14}},"28":{"start":{"line":29,"column":0},"end":{"line":29,"column":1}}},"s":{"0":0,"1":0,"2":0,"3":0,"4":0,"5":0,"6":0,"7":0,"8":0,"9":0,"10":0,"11":0,"12":0,"13":0,"14":0,"15":0,"16":0,"17":0,"18":0,"19":0,"20":0,"21":0,"22":0,"23":0,"24":0,"25":0,"26":0,"27":0,"28":0},"branchMap":{"0":{"type":"branch","line":1,"loc":{"start":{"line":1,"column":0},"end":{"line":29,"column":1}},"locations":[{"start":{"line":1,"column":0},"end":{"line":29,"column":1}}]}},"b":{"0":[0]},"fnMap":{"0":{"name":"(empty-report)","decl":{"start":{"line":1,"column":0},"end":{"line":29,"column":1}},"loc":{"start":{"line":1,"column":0},"end":{"line":29,"column":1}},"line":1}},"f":{"0":0}}
,"D:\\Prompt War\\virtual-promp-war\\server\\index.ts": {"path":"D:\\Prompt War\\virtual-promp-war\\server\\index.ts","all":false,"statementMap":{"0":{"start":{"line":1,"column":0},"end":{"line":1,"column":3}},"14":{"start":{"line":15,"column":0},"end":{"line":15,"column":36}},"25":{"start":{"line":26,"column":0},"end":{"line":26,"column":44}},"26":{"start":{"line":27,"column":0},"end":{"line":27,"column":18}},"27":{"start":{"line":28,"column":0},"end":{"line":28,"column":1}},"30":{"start":{"line":31,"column":0},"end":{"line":31,"column":61}},"34":{"start":{"line":35,"column":0},"end":{"line":35,"column":110}},"35":{"start":{"line":36,"column":0},"end":{"line":36,"column":60}},"36":{"start":{"line":37,"column":0},"end":{"line":37,"column":47}},"37":{"start":{"line":38,"column":0},"end":{"line":38,"column":4}},"38":{"start":{"line":39,"column":0},"end":{"line":39,"column":89}},"39":{"start":{"line":40,"column":0},"end":{"line":40,"column":8}},"41":{"start":{"line":42,"column":0},"end":{"line":42,"column":52}},"42":{"start":{"line":43,"column":0},"end":{"line":43,"column":1}},"44":{"start":{"line":45,"column":0},"end":{"line":45,"column":50}},"45":{"start":{"line":46,"column":0},"end":{"line":46,"column":43}},"46":{"start":{"line":47,"column":0},"end":{"line":47,"column":52}},"49":{"start":{"line":50,"column":0},"end":{"line":50,"column":22}},"51":{"start":{"line":52,"column":0},"end":{"line":52,"column":46}},"54":{"start":{"line":55,"column":0},"end":{"line":55,"column":54}},"55":{"start":{"line":56,"column":0},"end":{"line":56,"column":58}},"57":{"start":{"line":58,"column":0},"end":{"line":58,"column":62}},"58":{"start":{"line":59,"column":0},"end":{"line":59,"column":46}},"59":{"start":{"line":60,"column":0},"end":{"line":60,"column":7}},"60":{"start":{"line":61,"column":0},"end":{"line":61,"column":74}},"61":{"start":{"line":62,"column":0},"end":{"line":62,"column":58}},"62":{"start":{"line":63,"column":0},"end":{"line":63,"column":7}},"63":{"start":{"line":64,"column":0},"end":{"line":64,"column":61}},"64":{"start":{"line":65,"column":0},"end":{"line":65,"column":23}},"65":{"start":{"line":66,"column":0},"end":{"line":66,"column":26}},"66":{"start":{"line":67,"column":0},"end":{"line":67,"column":1}},"68":{"start":{"line":69,"column":0},"end":{"line":69,"column":86}},"69":{"start":{"line":70,"column":0},"end":{"line":70,"column":41}},"70":{"start":{"line":71,"column":0},"end":{"line":71,"column":7}},"71":{"start":{"line":72,"column":0},"end":{"line":72,"column":109}},"72":{"start":{"line":73,"column":0},"end":{"line":73,"column":58}},"73":{"start":{"line":74,"column":0},"end":{"line":74,"column":7}},"74":{"start":{"line":75,"column":0},"end":{"line":75,"column":29}},"75":{"start":{"line":76,"column":0},"end":{"line":76,"column":1}},"78":{"start":{"line":79,"column":0},"end":{"line":79,"column":74}},"80":{"start":{"line":81,"column":0},"end":{"line":81,"column":106}},"81":{"start":{"line":82,"column":0},"end":{"line":82,"column":58}},"82":{"start":{"line":83,"column":0},"end":{"line":83,"column":30}},"83":{"start":{"line":84,"column":0},"end":{"line":84,"column":21}},"84":{"start":{"line":85,"column":0},"end":{"line":85,"column":70}},"85":{"start":{"line":86,"column":0},"end":{"line":86,"column":5}},"86":{"start":{"line":87,"column":0},"end":{"line":87,"column":29}},"87":{"start":{"line":88,"column":0},"end":{"line":88,"column":1}},"90":{"start":{"line":91,"column":0},"end":{"line":91,"column":72}},"91":{"start":{"line":92,"column":0},"end":{"line":92,"column":68}},"92":{"start":{"line":93,"column":0},"end":{"line":93,"column":64}},"95":{"start":{"line":96,"column":0},"end":{"line":96,"column":87}},"96":{"start":{"line":97,"column":0},"end":{"line":97,"column":17}},"97":{"start":{"line":98,"column":0},"end":{"line":98,"column":33}},"98":{"start":{"line":99,"column":0},"end":{"line":99,"column":10}},"99":{"start":{"line":100,"column":0},"end":{"line":100,"column":15}},"100":{"start":{"line":101,"column":0},"end":{"line":101,"column":34}},"101":{"start":{"line":102,"column":0},"end":{"line":102,"column":19}},"102":{"start":{"line":103,"column":0},"end":{"line":103,"column":12}},"103":{"start":{"line":104,"column":0},"end":{"line":104,"column":4}},"105":{"start":{"line":106,"column":0},"end":{"line":106,"column":53}},"106":{"start":{"line":107,"column":0},"end":{"line":107,"column":1}},"109":{"start":{"line":110,"column":0},"end":{"line":110,"column":52}},"110":{"start":{"line":111,"column":0},"end":{"line":111,"column":69}},"111":{"start":{"line":112,"column":0},"end":{"line":112,"column":69}},"112":{"start":{"line":113,"column":0},"end":{"line":113,"column":45}},"114":{"start":{"line":115,"column":0},"end":{"line":115,"column":77}},"116":{"start":{"line":117,"column":0},"end":{"line":117,"column":87}},"117":{"start":{"line":118,"column":0},"end":{"line":118,"column":126}},"118":{"start":{"line":119,"column":0},"end":{"line":119,"column":79}},"119":{"start":{"line":120,"column":0},"end":{"line":120,"column":1}},"121":{"start":{"line":122,"column":0},"end":{"line":122,"column":101}},"122":{"start":{"line":123,"column":0},"end":{"line":123,"column":27}},"123":{"start":{"line":124,"column":0},"end":{"line":124,"column":25}},"124":{"start":{"line":125,"column":0},"end":{"line":125,"column":69}},"125":{"start":{"line":126,"column":0},"end":{"line":126,"column":3}},"126":{"start":{"line":127,"column":0},"end":{"line":127,"column":9}},"127":{"start":{"line":128,"column":0},"end":{"line":128,"column":2}},"130":{"start":{"line":131,"column":0},"end":{"line":131,"column":16}},"131":{"start":{"line":132,"column":0},"end":{"line":132,"column":26}},"132":{"start":{"line":133,"column":0},"end":{"line":133,"column":17}},"133":{"start":{"line":134,"column":0},"end":{"line":134,"column":29}},"134":{"start":{"line":135,"column":0},"end":{"line":135,"column":78}},"135":{"start":{"line":136,"column":0},"end":{"line":136,"column":46}},"136":{"start":{"line":137,"column":0},"end":{"line":137,"column":44}},"137":{"start":{"line":138,"column":0},"end":{"line":138,"column":81}},"138":{"start":{"line":139,"column":0},"end":{"line":139,"column":55}},"139":{"start":{"line":140,"column":0},"end":{"line":140,"column":27}},"140":{"start":{"line":141,"column":0},"end":{"line":141,"column":28}},"141":{"start":{"line":142,"column":0},"end":{"line":142,"column":6}},"142":{"start":{"line":143,"column":0},"end":{"line":143,"column":4}},"143":{"start":{"line":144,"column":0},"end":{"line":144,"column":35}},"144":{"start":{"line":145,"column":0},"end":{"line":145,"column":4}},"146":{"start":{"line":147,"column":0},"end":{"line":147,"column":14}},"147":{"start":{"line":148,"column":0},"end":{"line":148,"column":15}},"148":{"start":{"line":149,"column":0},"end":{"line":149,"column":56}},"149":{"start":{"line":150,"column":0},"end":{"line":150,"column":72}},"150":{"start":{"line":151,"column":0},"end":{"line":151,"column":20}},"151":{"start":{"line":152,"column":0},"end":{"line":152,"column":38}},"152":{"start":{"line":153,"column":0},"end":{"line":153,"column":4}},"154":{"start":{"line":155,"column":0},"end":{"line":155,"column":70}},"157":{"start":{"line":158,"column":0},"end":{"line":158,"column":28}},"158":{"start":{"line":159,"column":0},"end":{"line":159,"column":27}},"159":{"start":{"line":160,"column":0},"end":{"line":160,"column":11}},"160":{"start":{"line":161,"column":0},"end":{"line":161,"column":24}},"161":{"start":{"line":162,"column":0},"end":{"line":162,"column":23}},"162":{"start":{"line":163,"column":0},"end":{"line":163,"column":75}},"163":{"start":{"line":164,"column":0},"end":{"line":164,"column":4}},"166":{"start":{"line":167,"column":0},"end":{"line":167,"column":29}},"167":{"start":{"line":168,"column":0},"end":{"line":168,"column":22}},"168":{"start":{"line":169,"column":0},"end":{"line":169,"column":10}},"169":{"start":{"line":170,"column":0},"end":{"line":170,"column":70}},"170":{"start":{"line":171,"column":0},"end":{"line":171,"column":3}},"172":{"start":{"line":173,"column":0},"end":{"line":173,"column":95}},"173":{"start":{"line":174,"column":0},"end":{"line":174,"column":67}},"174":{"start":{"line":175,"column":0},"end":{"line":175,"column":9}},"175":{"start":{"line":176,"column":0},"end":{"line":176,"column":3}},"178":{"start":{"line":179,"column":0},"end":{"line":179,"column":30}},"179":{"start":{"line":180,"column":0},"end":{"line":180,"column":45}},"180":{"start":{"line":181,"column":0},"end":{"line":181,"column":48}},"181":{"start":{"line":182,"column":0},"end":{"line":182,"column":42}},"182":{"start":{"line":183,"column":0},"end":{"line":183,"column":3}},"184":{"start":{"line":185,"column":0},"end":{"line":185,"column":34}},"185":{"start":{"line":186,"column":0},"end":{"line":186,"column":36}},"186":{"start":{"line":187,"column":0},"end":{"line":187,"column":43}},"187":{"start":{"line":188,"column":0},"end":{"line":188,"column":3}},"189":{"start":{"line":190,"column":0},"end":{"line":190,"column":34}},"190":{"start":{"line":191,"column":0},"end":{"line":191,"column":37}},"191":{"start":{"line":192,"column":0},"end":{"line":192,"column":37}},"192":{"start":{"line":193,"column":0},"end":{"line":193,"column":42}},"193":{"start":{"line":194,"column":0},"end":{"line":194,"column":46}},"194":{"start":{"line":195,"column":0},"end":{"line":195,"column":3}},"196":{"start":{"line":197,"column":0},"end":{"line":197,"column":33}},"197":{"start":{"line":198,"column":0},"end":{"line":198,"column":38}},"198":{"start":{"line":199,"column":0},"end":{"line":199,"column":47}},"199":{"start":{"line":200,"column":0},"end":{"line":200,"column":43}},"200":{"start":{"line":201,"column":0},"end":{"line":201,"column":39}},"201":{"start":{"line":202,"column":0},"end":{"line":202,"column":37}},"202":{"start":{"line":203,"column":0},"end":{"line":203,"column":3}},"204":{"start":{"line":205,"column":0},"end":{"line":205,"column":32}},"205":{"start":{"line":206,"column":0},"end":{"line":206,"column":44}},"206":{"start":{"line":207,"column":0},"end":{"line":207,"column":3}},"208":{"start":{"line":209,"column":0},"end":{"line":209,"column":41}},"209":{"start":{"line":210,"column":0},"end":{"line":210,"column":64}},"210":{"start":{"line":211,"column":0},"end":{"line":211,"column":35}},"211":{"start":{"line":212,"column":0},"end":{"line":212,"column":3}},"213":{"start":{"line":214,"column":0},"end":{"line":214,"column":33}},"214":{"start":{"line":215,"column":0},"end":{"line":215,"column":47}},"215":{"start":{"line":216,"column":0},"end":{"line":216,"column":3}},"218":{"start":{"line":219,"column":0},"end":{"line":219,"column":124}},"219":{"start":{"line":220,"column":0},"end":{"line":220,"column":40}},"220":{"start":{"line":221,"column":0},"end":{"line":221,"column":24}},"221":{"start":{"line":222,"column":0},"end":{"line":222,"column":93}},"222":{"start":{"line":223,"column":0},"end":{"line":223,"column":26}},"223":{"start":{"line":224,"column":0},"end":{"line":224,"column":3}},"224":{"start":{"line":225,"column":0},"end":{"line":225,"column":31}},"225":{"start":{"line":226,"column":0},"end":{"line":226,"column":1}},"228":{"start":{"line":229,"column":0},"end":{"line":229,"column":28}},"229":{"start":{"line":230,"column":0},"end":{"line":230,"column":47}},"230":{"start":{"line":231,"column":0},"end":{"line":231,"column":25}},"231":{"start":{"line":232,"column":0},"end":{"line":232,"column":26}},"232":{"start":{"line":233,"column":0},"end":{"line":233,"column":15}},"233":{"start":{"line":234,"column":0},"end":{"line":234,"column":22}},"234":{"start":{"line":235,"column":0},"end":{"line":235,"column":13}},"235":{"start":{"line":236,"column":0},"end":{"line":236,"column":2}},"237":{"start":{"line":238,"column":0},"end":{"line":238,"column":46}},"238":{"start":{"line":239,"column":0},"end":{"line":239,"column":53}},"239":{"start":{"line":240,"column":0},"end":{"line":240,"column":1}},"244":{"start":{"line":245,"column":0},"end":{"line":245,"column":43}},"245":{"start":{"line":246,"column":0},"end":{"line":246,"column":140}},"246":{"start":{"line":247,"column":0},"end":{"line":247,"column":102}},"247":{"start":{"line":248,"column":0},"end":{"line":248,"column":117}},"248":{"start":{"line":249,"column":0},"end":{"line":249,"column":113}},"249":{"start":{"line":250,"column":0},"end":{"line":250,"column":111}},"250":{"start":{"line":251,"column":0},"end":{"line":251,"column":2}},"252":{"start":{"line":253,"column":0},"end":{"line":253,"column":111}},"253":{"start":{"line":254,"column":0},"end":{"line":254,"column":100}},"256":{"start":{"line":257,"column":0},"end":{"line":257,"column":42}},"257":{"start":{"line":258,"column":0},"end":{"line":258,"column":55}},"260":{"start":{"line":261,"column":0},"end":{"line":261,"column":43}},"261":{"start":{"line":262,"column":0},"end":{"line":262,"column":62}},"262":{"start":{"line":263,"column":0},"end":{"line":263,"column":40}},"263":{"start":{"line":264,"column":0},"end":{"line":264,"column":69}},"264":{"start":{"line":265,"column":0},"end":{"line":265,"column":47}},"265":{"start":{"line":266,"column":0},"end":{"line":266,"column":5}},"266":{"start":{"line":267,"column":0},"end":{"line":267,"column":3}},"269":{"start":{"line":270,"column":0},"end":{"line":270,"column":101}},"279":{"start":{"line":280,"column":0},"end":{"line":280,"column":70}},"280":{"start":{"line":281,"column":0},"end":{"line":281,"column":45}},"281":{"start":{"line":282,"column":0},"end":{"line":282,"column":48}},"282":{"start":{"line":283,"column":0},"end":{"line":283,"column":1}},"289":{"start":{"line":290,"column":0},"end":{"line":290,"column":39}},"290":{"start":{"line":291,"column":0},"end":{"line":291,"column":86}},"291":{"start":{"line":292,"column":0},"end":{"line":292,"column":3}},"297":{"start":{"line":298,"column":0},"end":{"line":298,"column":62}},"298":{"start":{"line":299,"column":0},"end":{"line":299,"column":59}},"299":{"start":{"line":300,"column":0},"end":{"line":300,"column":52}},"301":{"start":{"line":302,"column":0},"end":{"line":302,"column":48}},"303":{"start":{"line":304,"column":0},"end":{"line":304,"column":30}},"304":{"start":{"line":305,"column":0},"end":{"line":305,"column":80}},"305":{"start":{"line":306,"column":0},"end":{"line":306,"column":79}},"306":{"start":{"line":307,"column":0},"end":{"line":307,"column":3}},"308":{"start":{"line":309,"column":0},"end":{"line":309,"column":7}},"309":{"start":{"line":310,"column":0},"end":{"line":310,"column":67}},"310":{"start":{"line":311,"column":0},"end":{"line":311,"column":57}},"311":{"start":{"line":312,"column":0},"end":{"line":312,"column":72}},"312":{"start":{"line":313,"column":0},"end":{"line":313,"column":26}},"313":{"start":{"line":314,"column":0},"end":{"line":314,"column":88}},"314":{"start":{"line":315,"column":0},"end":{"line":315,"column":100}},"315":{"start":{"line":316,"column":0},"end":{"line":316,"column":3}},"316":{"start":{"line":317,"column":0},"end":{"line":317,"column":3}},"322":{"start":{"line":323,"column":0},"end":{"line":323,"column":63}},"323":{"start":{"line":324,"column":0},"end":{"line":324,"column":61}},"324":{"start":{"line":325,"column":0},"end":{"line":325,"column":52}},"326":{"start":{"line":327,"column":0},"end":{"line":327,"column":26}},"328":{"start":{"line":329,"column":0},"end":{"line":329,"column":29}},"329":{"start":{"line":330,"column":0},"end":{"line":330,"column":70}},"330":{"start":{"line":331,"column":0},"end":{"line":331,"column":3}},"332":{"start":{"line":333,"column":0},"end":{"line":333,"column":97}},"333":{"start":{"line":334,"column":0},"end":{"line":334,"column":42}},"334":{"start":{"line":335,"column":0},"end":{"line":335,"column":50}},"336":{"start":{"line":337,"column":0},"end":{"line":337,"column":7}},"337":{"start":{"line":338,"column":0},"end":{"line":338,"column":145}},"347":{"start":{"line":348,"column":0},"end":{"line":348,"column":33}},"348":{"start":{"line":349,"column":0},"end":{"line":349,"column":65}},"349":{"start":{"line":350,"column":0},"end":{"line":350,"column":24}},"350":{"start":{"line":351,"column":0},"end":{"line":351,"column":10}},"351":{"start":{"line":352,"column":0},"end":{"line":352,"column":6}},"354":{"start":{"line":355,"column":0},"end":{"line":355,"column":47}},"355":{"start":{"line":356,"column":0},"end":{"line":356,"column":66}},"357":{"start":{"line":358,"column":0},"end":{"line":358,"column":44}},"358":{"start":{"line":359,"column":0},"end":{"line":359,"column":59}},"359":{"start":{"line":360,"column":0},"end":{"line":360,"column":92}},"360":{"start":{"line":361,"column":0},"end":{"line":361,"column":28}},"361":{"start":{"line":362,"column":0},"end":{"line":362,"column":26}},"362":{"start":{"line":363,"column":0},"end":{"line":363,"column":90}},"363":{"start":{"line":364,"column":0},"end":{"line":364,"column":81}},"364":{"start":{"line":365,"column":0},"end":{"line":365,"column":3}},"365":{"start":{"line":366,"column":0},"end":{"line":366,"column":3}},"371":{"start":{"line":372,"column":0},"end":{"line":372,"column":68}},"372":{"start":{"line":373,"column":0},"end":{"line":373,"column":70}},"373":{"start":{"line":374,"column":0},"end":{"line":374,"column":52}},"375":{"start":{"line":376,"column":0},"end":{"line":376,"column":38}},"376":{"start":{"line":377,"column":0},"end":{"line":377,"column":69}},"377":{"start":{"line":378,"column":0},"end":{"line":378,"column":42}},"378":{"start":{"line":379,"column":0},"end":{"line":379,"column":50}},"380":{"start":{"line":381,"column":0},"end":{"line":381,"column":7}},"381":{"start":{"line":382,"column":0},"end":{"line":382,"column":117}},"397":{"start":{"line":398,"column":0},"end":{"line":398,"column":33}},"398":{"start":{"line":399,"column":0},"end":{"line":399,"column":79}},"399":{"start":{"line":400,"column":0},"end":{"line":400,"column":24}},"400":{"start":{"line":401,"column":0},"end":{"line":401,"column":10}},"401":{"start":{"line":402,"column":0},"end":{"line":402,"column":6}},"403":{"start":{"line":404,"column":0},"end":{"line":404,"column":47}},"404":{"start":{"line":405,"column":0},"end":{"line":405,"column":66}},"405":{"start":{"line":406,"column":0},"end":{"line":406,"column":44}},"406":{"start":{"line":407,"column":0},"end":{"line":407,"column":59}},"407":{"start":{"line":408,"column":0},"end":{"line":408,"column":28}},"408":{"start":{"line":409,"column":0},"end":{"line":409,"column":26}},"409":{"start":{"line":410,"column":0},"end":{"line":410,"column":90}},"410":{"start":{"line":411,"column":0},"end":{"line":411,"column":78}},"411":{"start":{"line":412,"column":0},"end":{"line":412,"column":3}},"412":{"start":{"line":413,"column":0},"end":{"line":413,"column":3}},"418":{"start":{"line":419,"column":0},"end":{"line":419,"column":67}},"419":{"start":{"line":420,"column":0},"end":{"line":420,"column":62}},"420":{"start":{"line":421,"column":0},"end":{"line":421,"column":52}},"422":{"start":{"line":423,"column":0},"end":{"line":423,"column":29}},"423":{"start":{"line":424,"column":0},"end":{"line":424,"column":88}},"425":{"start":{"line":426,"column":0},"end":{"line":426,"column":7}},"426":{"start":{"line":427,"column":0},"end":{"line":427,"column":96}},"437":{"start":{"line":438,"column":0},"end":{"line":438,"column":33}},"438":{"start":{"line":439,"column":0},"end":{"line":439,"column":37}},"439":{"start":{"line":440,"column":0},"end":{"line":440,"column":24}},"440":{"start":{"line":441,"column":0},"end":{"line":441,"column":10}},"441":{"start":{"line":442,"column":0},"end":{"line":442,"column":6}},"443":{"start":{"line":444,"column":0},"end":{"line":444,"column":47}},"444":{"start":{"line":445,"column":0},"end":{"line":445,"column":66}},"445":{"start":{"line":446,"column":0},"end":{"line":446,"column":46}},"446":{"start":{"line":447,"column":0},"end":{"line":447,"column":26}},"447":{"start":{"line":448,"column":0},"end":{"line":448,"column":91}},"448":{"start":{"line":449,"column":0},"end":{"line":449,"column":79}},"449":{"start":{"line":450,"column":0},"end":{"line":450,"column":3}},"450":{"start":{"line":451,"column":0},"end":{"line":451,"column":3}},"456":{"start":{"line":457,"column":0},"end":{"line":457,"column":48}},"457":{"start":{"line":458,"column":0},"end":{"line":458,"column":63}},"458":{"start":{"line":459,"column":0},"end":{"line":459,"column":52}},"460":{"start":{"line":461,"column":0},"end":{"line":461,"column":41}},"461":{"start":{"line":462,"column":0},"end":{"line":462,"column":102}},"462":{"start":{"line":463,"column":0},"end":{"line":463,"column":42}},"463":{"start":{"line":464,"column":0},"end":{"line":464,"column":75}},"465":{"start":{"line":466,"column":0},"end":{"line":466,"column":7}},"466":{"start":{"line":467,"column":0},"end":{"line":467,"column":49}},"467":{"start":{"line":468,"column":0},"end":{"line":468,"column":60}},"468":{"start":{"line":469,"column":0},"end":{"line":469,"column":58}},"469":{"start":{"line":470,"column":0},"end":{"line":470,"column":23}},"470":{"start":{"line":471,"column":0},"end":{"line":471,"column":29}},"471":{"start":{"line":472,"column":0},"end":{"line":472,"column":41}},"472":{"start":{"line":473,"column":0},"end":{"line":473,"column":7}},"473":{"start":{"line":474,"column":0},"end":{"line":474,"column":75}},"474":{"start":{"line":475,"column":0},"end":{"line":475,"column":52}},"475":{"start":{"line":476,"column":0},"end":{"line":476,"column":56}},"476":{"start":{"line":477,"column":0},"end":{"line":477,"column":26}},"477":{"start":{"line":478,"column":0},"end":{"line":478,"column":92}},"478":{"start":{"line":479,"column":0},"end":{"line":479,"column":79}},"479":{"start":{"line":480,"column":0},"end":{"line":480,"column":3}},"480":{"start":{"line":481,"column":0},"end":{"line":481,"column":3}},"486":{"start":{"line":487,"column":0},"end":{"line":487,"column":50}},"487":{"start":{"line":488,"column":0},"end":{"line":488,"column":65}},"488":{"start":{"line":489,"column":0},"end":{"line":489,"column":54}},"489":{"start":{"line":490,"column":0},"end":{"line":490,"column":52}},"491":{"start":{"line":492,"column":0},"end":{"line":492,"column":7}},"492":{"start":{"line":493,"column":0},"end":{"line":493,"column":75}},"499":{"start":{"line":500,"column":0},"end":{"line":500,"column":69}},"500":{"start":{"line":501,"column":0},"end":{"line":501,"column":47}},"501":{"start":{"line":502,"column":0},"end":{"line":502,"column":52}},"502":{"start":{"line":503,"column":0},"end":{"line":503,"column":46}},"503":{"start":{"line":504,"column":0},"end":{"line":504,"column":26}},"504":{"start":{"line":505,"column":0},"end":{"line":505,"column":86}},"505":{"start":{"line":506,"column":0},"end":{"line":506,"column":72}},"506":{"start":{"line":507,"column":0},"end":{"line":507,"column":3}},"507":{"start":{"line":508,"column":0},"end":{"line":508,"column":3}},"513":{"start":{"line":514,"column":0},"end":{"line":514,"column":49}},"514":{"start":{"line":515,"column":0},"end":{"line":515,"column":63}},"515":{"start":{"line":516,"column":0},"end":{"line":516,"column":52}},"517":{"start":{"line":518,"column":0},"end":{"line":518,"column":7}},"518":{"start":{"line":519,"column":0},"end":{"line":519,"column":45}},"519":{"start":{"line":520,"column":0},"end":{"line":520,"column":63}},"520":{"start":{"line":521,"column":0},"end":{"line":521,"column":7}},"521":{"start":{"line":522,"column":0},"end":{"line":522,"column":58}},"522":{"start":{"line":523,"column":0},"end":{"line":523,"column":55}},"523":{"start":{"line":524,"column":0},"end":{"line":524,"column":75}},"525":{"start":{"line":526,"column":0},"end":{"line":526,"column":55}},"526":{"start":{"line":527,"column":0},"end":{"line":527,"column":45}},"527":{"start":{"line":528,"column":0},"end":{"line":528,"column":20}},"528":{"start":{"line":529,"column":0},"end":{"line":529,"column":26}},"529":{"start":{"line":530,"column":0},"end":{"line":530,"column":30}},"530":{"start":{"line":531,"column":0},"end":{"line":531,"column":20}},"531":{"start":{"line":532,"column":0},"end":{"line":532,"column":94}},"532":{"start":{"line":533,"column":0},"end":{"line":533,"column":8}},"533":{"start":{"line":534,"column":0},"end":{"line":534,"column":7}},"535":{"start":{"line":536,"column":0},"end":{"line":536,"column":60}},"536":{"start":{"line":537,"column":0},"end":{"line":537,"column":39}},"537":{"start":{"line":538,"column":0},"end":{"line":538,"column":26}},"538":{"start":{"line":539,"column":0},"end":{"line":539,"column":89}},"539":{"start":{"line":540,"column":0},"end":{"line":540,"column":72}},"540":{"start":{"line":541,"column":0},"end":{"line":541,"column":3}},"541":{"start":{"line":542,"column":0},"end":{"line":542,"column":3}},"547":{"start":{"line":548,"column":0},"end":{"line":548,"column":60}},"548":{"start":{"line":549,"column":0},"end":{"line":549,"column":62}},"549":{"start":{"line":550,"column":0},"end":{"line":550,"column":52}},"551":{"start":{"line":552,"column":0},"end":{"line":552,"column":7}},"552":{"start":{"line":553,"column":0},"end":{"line":553,"column":45}},"553":{"start":{"line":554,"column":0},"end":{"line":554,"column":66}},"554":{"start":{"line":555,"column":0},"end":{"line":555,"column":7}},"555":{"start":{"line":556,"column":0},"end":{"line":556,"column":62}},"556":{"start":{"line":557,"column":0},"end":{"line":557,"column":81}},"558":{"start":{"line":559,"column":0},"end":{"line":559,"column":48}},"559":{"start":{"line":560,"column":0},"end":{"line":560,"column":28}},"560":{"start":{"line":561,"column":0},"end":{"line":561,"column":20}},"561":{"start":{"line":562,"column":0},"end":{"line":562,"column":16}},"562":{"start":{"line":563,"column":0},"end":{"line":563,"column":20}},"563":{"start":{"line":564,"column":0},"end":{"line":564,"column":17}},"564":{"start":{"line":565,"column":0},"end":{"line":565,"column":69}},"565":{"start":{"line":566,"column":0},"end":{"line":566,"column":65}},"566":{"start":{"line":567,"column":0},"end":{"line":567,"column":8}},"567":{"start":{"line":568,"column":0},"end":{"line":568,"column":7}},"569":{"start":{"line":570,"column":0},"end":{"line":570,"column":63}},"570":{"start":{"line":571,"column":0},"end":{"line":571,"column":26}},"571":{"start":{"line":572,"column":0},"end":{"line":572,"column":91}},"572":{"start":{"line":573,"column":0},"end":{"line":573,"column":79}},"573":{"start":{"line":574,"column":0},"end":{"line":574,"column":3}},"574":{"start":{"line":575,"column":0},"end":{"line":575,"column":3}},"578":{"start":{"line":579,"column":0},"end":{"line":579,"column":102}},"579":{"start":{"line":580,"column":0},"end":{"line":580,"column":36}},"580":{"start":{"line":581,"column":0},"end":{"line":581,"column":24}},"581":{"start":{"line":582,"column":0},"end":{"line":582,"column":102}},"582":{"start":{"line":583,"column":0},"end":{"line":583,"column":5}},"583":{"start":{"line":584,"column":0},"end":{"line":584,"column":3}},"586":{"start":{"line":587,"column":0},"end":{"line":587,"column":13}},"587":{"start":{"line":588,"column":0},"end":{"line":588,"column":55}},"588":{"start":{"line":589,"column":0},"end":{"line":589,"column":40}},"589":{"start":{"line":590,"column":0},"end":{"line":590,"column":34}},"590":{"start":{"line":591,"column":0},"end":{"line":591,"column":56}},"591":{"start":{"line":592,"column":0},"end":{"line":592,"column":5}},"592":{"start":{"line":593,"column":0},"end":{"line":593,"column":1}},"595":{"start":{"line":596,"column":0},"end":{"line":596,"column":38}},"596":{"start":{"line":597,"column":0},"end":{"line":597,"column":41}},"597":{"start":{"line":598,"column":0},"end":{"line":598,"column":101}},"598":{"start":{"line":599,"column":0},"end":{"line":599,"column":5}},"601":{"start":{"line":602,"column":0},"end":{"line":602,"column":31}},"602":{"start":{"line":603,"column":0},"end":{"line":603,"column":76}},"603":{"start":{"line":604,"column":0},"end":{"line":604,"column":40}},"604":{"start":{"line":605,"column":0},"end":{"line":605,"column":5}},"605":{"start":{"line":606,"column":0},"end":{"line":606,"column":1}}},"s":{"0":1,"14":1,"25":1,"26":1,"27":1,"30":1,"34":1,"35":1,"36":1,"37":1,"38":1,"39":0,"41":0,"42":0,"44":1,"45":1,"46":1,"49":1,"51":1,"54":1,"55":1,"57":4,"58":4,"59":4,"60":4,"61":4,"62":4,"63":4,"64":4,"65":4,"66":4,"68":0,"69":0,"70":0,"71":0,"72":0,"73":0,"74":0,"75":0,"78":1,"80":4,"81":4,"82":4,"83":4,"84":4,"85":4,"86":4,"87":4,"90":1,"91":1,"92":1,"95":3,"96":3,"97":3,"98":3,"99":3,"100":3,"101":3,"102":3,"103":3,"105":3,"106":3,"109":0,"110":0,"111":0,"112":0,"114":0,"116":0,"117":0,"118":0,"119":0,"121":1,"122":10,"123":0,"124":0,"125":0,"126":0,"127":0,"130":1,"131":1,"132":1,"133":1,"134":1,"135":1,"136":1,"137":1,"138":1,"139":1,"140":1,"141":1,"142":1,"143":1,"144":1,"146":1,"147":1,"148":1,"149":0,"150":1,"151":1,"152":1,"154":1,"157":1,"158":1,"159":1,"160":1,"161":1,"162":1,"163":1,"166":1,"167":1,"168":1,"169":1,"170":1,"172":1,"173":10,"174":0,"175":0,"178":1,"179":1,"180":1,"181":1,"182":1,"184":1,"185":1,"186":1,"187":1,"189":1,"190":1,"191":1,"192":1,"193":1,"194":1,"196":1,"197":1,"198":1,"199":1,"200":1,"201":1,"202":1,"204":1,"205":1,"206":1,"208":1,"209":1,"210":1,"211":1,"213":1,"214":1,"215":1,"218":10,"219":10,"220":10,"221":1,"222":1,"223":1,"224":9,"225":9,"228":1,"229":1,"230":1,"231":1,"232":1,"233":1,"234":1,"235":1,"237":4,"238":4,"239":4,"244":1,"245":1,"246":1,"247":1,"248":1,"249":1,"250":1,"252":1,"253":1,"256":1,"257":1,"260":0,"261":0,"262":0,"263":0,"264":0,"265":0,"266":0,"269":0,"279":0,"280":0,"281":0,"282":0,"289":1,"290":0,"291":0,"297":1,"298":3,"299":3,"301":2,"303":3,"304":1,"305":1,"306":1,"308":1,"309":1,"310":1,"311":1,"312":3,"313":0,"314":0,"315":0,"316":3,"322":1,"323":1,"324":1,"326":1,"328":1,"329":0,"330":0,"332":1,"333":1,"334":1,"336":1,"337":1,"347":1,"348":1,"349":1,"350":1,"351":1,"354":1,"355":1,"357":0,"358":0,"359":0,"360":0,"361":1,"362":1,"363":1,"364":1,"365":1,"371":1,"372":1,"373":1,"375":1,"376":1,"377":1,"378":1,"380":1,"381":1,"397":1,"398":1,"399":1,"400":1,"401":1,"403":1,"404":1,"405":0,"406":0,"407":0,"408":1,"409":1,"410":1,"411":1,"412":1,"418":1,"419":1,"420":1,"422":1,"423":1,"425":1,"426":1,"437":1,"438":1,"439":1,"440":1,"441":1,"443":1,"444":1,"445":0,"446":1,"447":1,"448":1,"449":1,"450":1,"456":1,"457":1,"458":1,"460":1,"461":1,"462":1,"463":1,"465":0,"466":0,"467":0,"468":0,"469":0,"470":0,"471":0,"472":0,"473":1,"474":1,"475":0,"476":0,"477":0,"478":0,"479":0,"480":1,"486":1,"487":1,"488":1,"489":1,"491":1,"492":1,"499":1,"500":1,"501":1,"502":0,"503":1,"504":1,"505":1,"506":1,"507":1,"513":1,"514":1,"515":1,"517":1,"518":1,"519":1,"520":1,"521":1,"522":1,"523":1,"525":1,"526":1,"527":1,"528":1,"529":1,"530":1,"531":1,"532":1,"533":1,"535":1,"536":1,"537":1,"538":0,"539":0,"540":0,"541":1,"547":1,"548":1,"549":1,"551":1,"552":1,"553":1,"554":1,"555":1,"556":1,"558":1,"559":1,"560":1,"561":1,"562":1,"563":1,"564":1,"565":1,"566":1,"567":1,"569":1,"570":1,"571":0,"572":0,"573":0,"574":1,"578":1,"579":0,"580":0,"581":0,"582":0,"583":0,"586":1,"587":0,"588":0,"589":0,"590":0,"591":0,"592":0,"595":1,"596":0,"597":0,"598":0,"601":0,"602":0,"603":0,"604":0,"605":0},"branchMap":{"0":{"type":"branch","line":31,"loc":{"start":{"line":31,"column":35},"end":{"line":31,"column":61}},"locations":[{"start":{"line":31,"column":35},"end":{"line":31,"column":61}}]},"1":{"type":"branch","line":40,"loc":{"start":{"line":40,"column":0},"end":{"line":43,"column":1}},"locations":[{"start":{"line":40,"column":0},"end":{"line":43,"column":1}}]},"2":{"type":"branch","line":52,"loc":{"start":{"line":52,"column":32},"end":{"line":52,"column":44}},"locations":[{"start":{"line":52,"column":32},"end":{"line":52,"column":44}}]},"3":{"type":"branch","line":91,"loc":{"start":{"line":91,"column":28},"end":{"line":91,"column":72}},"locations":[{"start":{"line":91,"column":28},"end":{"line":91,"column":72}}]},"4":{"type":"branch","line":92,"loc":{"start":{"line":92,"column":29},"end":{"line":92,"column":68}},"locations":[{"start":{"line":92,"column":29},"end":{"line":92,"column":68}}]},"5":{"type":"branch","line":149,"loc":{"start":{"line":149,"column":55},"end":{"line":150,"column":72}},"locations":[{"start":{"line":149,"column":55},"end":{"line":150,"column":72}}]},"6":{"type":"branch","line":587,"loc":{"start":{"line":587,"column":12},"end":{"line":593,"column":1}},"locations":[{"start":{"line":587,"column":12},"end":{"line":593,"column":1}}]},"7":{"type":"branch","line":596,"loc":{"start":{"line":596,"column":37},"end":{"line":606,"column":1}},"locations":[{"start":{"line":596,"column":37},"end":{"line":606,"column":1}}]},"8":{"type":"branch","line":58,"loc":{"start":{"line":58,"column":0},"end":{"line":67,"column":1}},"locations":[{"start":{"line":58,"column":0},"end":{"line":67,"column":1}}]},"9":{"type":"branch","line":59,"loc":{"start":{"line":59,"column":34},"end":{"line":59,"column":46}},"locations":[{"start":{"line":59,"column":34},"end":{"line":59,"column":46}}]},"10":{"type":"branch","line":66,"loc":{"start":{"line":66,"column":2},"end":{"line":66,"column":26}},"locations":[{"start":{"line":66,"column":2},"end":{"line":66,"column":26}}]},"11":{"type":"branch","line":81,"loc":{"start":{"line":81,"column":0},"end":{"line":88,"column":1}},"locations":[{"start":{"line":81,"column":0},"end":{"line":88,"column":1}}]},"12":{"type":"branch","line":87,"loc":{"start":{"line":87,"column":18},"end":{"line":87,"column":29}},"locations":[{"start":{"line":87,"column":18},"end":{"line":87,"column":29}}]},"13":{"type":"branch","line":96,"loc":{"start":{"line":96,"column":0},"end":{"line":107,"column":1}},"locations":[{"start":{"line":96,"column":0},"end":{"line":107,"column":1}}]},"14":{"type":"branch","line":122,"loc":{"start":{"line":122,"column":23},"end":{"line":128,"column":2}},"locations":[{"start":{"line":122,"column":23},"end":{"line":128,"column":2}}]},"15":{"type":"branch","line":123,"loc":{"start":{"line":123,"column":25},"end":{"line":128,"column":2}},"locations":[{"start":{"line":123,"column":25},"end":{"line":128,"column":2}}]},"16":{"type":"branch","line":173,"loc":{"start":{"line":173,"column":17},"end":{"line":176,"column":3}},"locations":[{"start":{"line":173,"column":17},"end":{"line":176,"column":3}}]},"17":{"type":"branch","line":174,"loc":{"start":{"line":174,"column":65},"end":{"line":176,"column":3}},"locations":[{"start":{"line":174,"column":65},"end":{"line":176,"column":3}}]},"18":{"type":"branch","line":219,"loc":{"start":{"line":219,"column":0},"end":{"line":226,"column":1}},"locations":[{"start":{"line":219,"column":0},"end":{"line":226,"column":1}}]},"19":{"type":"branch","line":221,"loc":{"start":{"line":221,"column":23},"end":{"line":224,"column":3}},"locations":[{"start":{"line":221,"column":23},"end":{"line":224,"column":3}}]},"20":{"type":"branch","line":224,"loc":{"start":{"line":224,"column":2},"end":{"line":226,"column":1}},"locations":[{"start":{"line":224,"column":2},"end":{"line":226,"column":1}}]},"21":{"type":"branch","line":222,"loc":{"start":{"line":222,"column":40},"end":{"line":222,"column":80}},"locations":[{"start":{"line":222,"column":40},"end":{"line":222,"column":80}}]},"22":{"type":"branch","line":238,"loc":{"start":{"line":238,"column":0},"end":{"line":240,"column":1}},"locations":[{"start":{"line":238,"column":0},"end":{"line":240,"column":1}}]},"23":{"type":"branch","line":239,"loc":{"start":{"line":239,"column":34},"end":{"line":239,"column":51}},"locations":[{"start":{"line":239,"column":34},"end":{"line":239,"column":51}}]},"24":{"type":"branch","line":253,"loc":{"start":{"line":253,"column":0},"end":{"line":283,"column":1}},"locations":[{"start":{"line":253,"column":0},"end":{"line":283,"column":1}}]},"25":{"type":"branch","line":258,"loc":{"start":{"line":258,"column":53},"end":{"line":283,"column":1}},"locations":[{"start":{"line":258,"column":53},"end":{"line":283,"column":1}}]},"26":{"type":"branch","line":298,"loc":{"start":{"line":298,"column":41},"end":{"line":317,"column":3}},"locations":[{"start":{"line":298,"column":41},"end":{"line":317,"column":3}}]},"27":{"type":"branch","line":300,"loc":{"start":{"line":300,"column":13},"end":{"line":300,"column":52}},"locations":[{"start":{"line":300,"column":13},"end":{"line":300,"column":52}}]},"28":{"type":"branch","line":300,"loc":{"start":{"line":300,"column":50},"end":{"line":304,"column":29}},"locations":[{"start":{"line":300,"column":50},"end":{"line":304,"column":29}}]},"29":{"type":"branch","line":304,"loc":{"start":{"line":304,"column":29},"end":{"line":313,"column":11}},"locations":[{"start":{"line":304,"column":29},"end":{"line":313,"column":11}}]},"30":{"type":"branch","line":313,"loc":{"start":{"line":313,"column":2},"end":{"line":316,"column":3}},"locations":[{"start":{"line":313,"column":2},"end":{"line":316,"column":3}}]},"31":{"type":"branch","line":323,"loc":{"start":{"line":323,"column":42},"end":{"line":366,"column":3}},"locations":[{"start":{"line":323,"column":42},"end":{"line":366,"column":3}}]},"32":{"type":"branch","line":325,"loc":{"start":{"line":325,"column":13},"end":{"line":325,"column":52}},"locations":[{"start":{"line":325,"column":13},"end":{"line":325,"column":52}}]},"33":{"type":"branch","line":329,"loc":{"start":{"line":329,"column":28},"end":{"line":331,"column":3}},"locations":[{"start":{"line":329,"column":28},"end":{"line":331,"column":3}}]},"34":{"type":"branch","line":335,"loc":{"start":{"line":335,"column":14},"end":{"line":335,"column":50}},"locations":[{"start":{"line":335,"column":14},"end":{"line":335,"column":50}}]},"35":{"type":"branch","line":356,"loc":{"start":{"line":356,"column":64},"end":{"line":362,"column":11}},"locations":[{"start":{"line":356,"column":64},"end":{"line":362,"column":11}}]},"36":{"type":"branch","line":363,"loc":{"start":{"line":363,"column":66},"end":{"line":363,"column":88}},"locations":[{"start":{"line":363,"column":66},"end":{"line":363,"column":88}}]},"37":{"type":"branch","line":372,"loc":{"start":{"line":372,"column":47},"end":{"line":413,"column":3}},"locations":[{"start":{"line":372,"column":47},"end":{"line":413,"column":3}}]},"38":{"type":"branch","line":374,"loc":{"start":{"line":374,"column":13},"end":{"line":374,"column":52}},"locations":[{"start":{"line":374,"column":13},"end":{"line":374,"column":52}}]},"39":{"type":"branch","line":379,"loc":{"start":{"line":379,"column":14},"end":{"line":379,"column":50}},"locations":[{"start":{"line":379,"column":14},"end":{"line":379,"column":50}}]},"40":{"type":"branch","line":405,"loc":{"start":{"line":405,"column":64},"end":{"line":409,"column":11}},"locations":[{"start":{"line":405,"column":64},"end":{"line":409,"column":11}}]},"41":{"type":"branch","line":410,"loc":{"start":{"line":410,"column":66},"end":{"line":410,"column":88}},"locations":[{"start":{"line":410,"column":66},"end":{"line":410,"column":88}}]},"42":{"type":"branch","line":419,"loc":{"start":{"line":419,"column":46},"end":{"line":451,"column":3}},"locations":[{"start":{"line":419,"column":46},"end":{"line":451,"column":3}}]},"43":{"type":"branch","line":421,"loc":{"start":{"line":421,"column":13},"end":{"line":421,"column":52}},"locations":[{"start":{"line":421,"column":13},"end":{"line":421,"column":52}}]},"44":{"type":"branch","line":424,"loc":{"start":{"line":424,"column":31},"end":{"line":424,"column":88}},"locations":[{"start":{"line":424,"column":31},"end":{"line":424,"column":88}}]},"45":{"type":"branch","line":445,"loc":{"start":{"line":445,"column":64},"end":{"line":447,"column":11}},"locations":[{"start":{"line":445,"column":64},"end":{"line":447,"column":11}}]},"46":{"type":"branch","line":448,"loc":{"start":{"line":448,"column":67},"end":{"line":448,"column":89}},"locations":[{"start":{"line":448,"column":67},"end":{"line":448,"column":89}}]},"47":{"type":"branch","line":457,"loc":{"start":{"line":457,"column":27},"end":{"line":481,"column":3}},"locations":[{"start":{"line":457,"column":27},"end":{"line":481,"column":3}}]},"48":{"type":"branch","line":459,"loc":{"start":{"line":459,"column":13},"end":{"line":459,"column":52}},"locations":[{"start":{"line":459,"column":13},"end":{"line":459,"column":52}}]},"49":{"type":"branch","line":464,"loc":{"start":{"line":464,"column":73},"end":{"line":474,"column":54}},"locations":[{"start":{"line":464,"column":73},"end":{"line":474,"column":54}}]},"50":{"type":"branch","line":474,"loc":{"start":{"line":474,"column":54},"end":{"line":474,"column":75}},"locations":[{"start":{"line":474,"column":54},"end":{"line":474,"column":75}}]},"51":{"type":"branch","line":475,"loc":{"start":{"line":475,"column":50},"end":{"line":480,"column":3}},"locations":[{"start":{"line":475,"column":50},"end":{"line":480,"column":3}}]},"52":{"type":"branch","line":487,"loc":{"start":{"line":487,"column":29},"end":{"line":508,"column":3}},"locations":[{"start":{"line":487,"column":29},"end":{"line":508,"column":3}}]},"53":{"type":"branch","line":490,"loc":{"start":{"line":490,"column":13},"end":{"line":490,"column":52}},"locations":[{"start":{"line":490,"column":13},"end":{"line":490,"column":52}}]},"54":{"type":"branch","line":502,"loc":{"start":{"line":502,"column":50},"end":{"line":504,"column":11}},"locations":[{"start":{"line":502,"column":50},"end":{"line":504,"column":11}}]},"55":{"type":"branch","line":505,"loc":{"start":{"line":505,"column":62},"end":{"line":505,"column":84}},"locations":[{"start":{"line":505,"column":62},"end":{"line":505,"column":84}}]},"56":{"type":"branch","line":514,"loc":{"start":{"line":514,"column":28},"end":{"line":542,"column":3}},"locations":[{"start":{"line":514,"column":28},"end":{"line":542,"column":3}}]},"57":{"type":"branch","line":516,"loc":{"start":{"line":516,"column":13},"end":{"line":516,"column":52}},"locations":[{"start":{"line":516,"column":13},"end":{"line":516,"column":52}}]},"58":{"type":"branch","line":524,"loc":{"start":{"line":524,"column":24},"end":{"line":524,"column":75}},"locations":[{"start":{"line":524,"column":24},"end":{"line":524,"column":75}}]},"59":{"type":"branch","line":538,"loc":{"start":{"line":538,"column":2},"end":{"line":541,"column":3}},"locations":[{"start":{"line":538,"column":2},"end":{"line":541,"column":3}}]},"60":{"type":"branch","line":548,"loc":{"start":{"line":548,"column":39},"end":{"line":575,"column":3}},"locations":[{"start":{"line":548,"column":39},"end":{"line":575,"column":3}}]},"61":{"type":"branch","line":550,"loc":{"start":{"line":550,"column":13},"end":{"line":550,"column":52}},"locations":[{"start":{"line":550,"column":13},"end":{"line":550,"column":52}}]},"62":{"type":"branch","line":571,"loc":{"start":{"line":571,"column":2},"end":{"line":574,"column":3}},"locations":[{"start":{"line":571,"column":2},"end":{"line":574,"column":3}}]}},"b":{"0":[0],"1":[0],"2":[0],"3":[0],"4":[0],"5":[0],"6":[0],"7":[0],"8":[4],"9":[0],"10":[0],"11":[4],"12":[0],"13":[3],"14":[10],"15":[0],"16":[10],"17":[0],"18":[10],"19":[1],"20":[9],"21":[1],"22":[4],"23":[19],"24":[1],"25":[0],"26":[3],"27":[1],"28":[2],"29":[1],"30":[0],"31":[1],"32":[0],"33":[0],"34":[0],"35":[0],"36":[0],"37":[1],"38":[0],"39":[0],"40":[0],"41":[0],"42":[1],"43":[0],"44":[0],"45":[0],"46":[0],"47":[1],"48":[0],"49":[0],"50":[0],"51":[0],"52":[1],"53":[0],"54":[0],"55":[0],"56":[1],"57":[0],"58":[0],"59":[0],"60":[1],"61":[0],"62":[0]},"fnMap":{"0":{"name":"redisGet","decl":{"start":{"line":58,"column":0},"end":{"line":67,"column":1}},"loc":{"start":{"line":58,"column":0},"end":{"line":67,"column":1}},"line":58},"1":{"name":"redisSet","decl":{"start":{"line":69,"column":0},"end":{"line":76,"column":1}},"loc":{"start":{"line":69,"column":0},"end":{"line":76,"column":1}},"line":69},"2":{"name":"callGemini","decl":{"start":{"line":81,"column":0},"end":{"line":88,"column":1}},"loc":{"start":{"line":81,"column":0},"end":{"line":88,"column":1}},"line":81},"3":{"name":"getTranslateClient","decl":{"start":{"line":93,"column":27},"end":{"line":93,"column":64}},"loc":{"start":{"line":93,"column":27},"end":{"line":93,"column":64}},"line":93},"4":{"name":"auditLog","decl":{"start":{"line":96,"column":0},"end":{"line":107,"column":1}},"loc":{"start":{"line":96,"column":0},"end":{"line":107,"column":1}},"line":96},"5":{"name":"verifyHmac","decl":{"start":{"line":110,"column":0},"end":{"line":120,"column":1}},"loc":{"start":{"line":110,"column":0},"end":{"line":120,"column":1}},"line":110},"6":{"name":"hmacMiddleware","decl":{"start":{"line":122,"column":23},"end":{"line":128,"column":2}},"loc":{"start":{"line":122,"column":23},"end":{"line":128,"column":2}},"line":122},"7":{"name":"parseBody","decl":{"start":{"line":219,"column":0},"end":{"line":226,"column":1}},"loc":{"start":{"line":219,"column":0},"end":{"line":226,"column":1}},"line":219},"8":{"name":"isPromptSafe","decl":{"start":{"line":238,"column":0},"end":{"line":240,"column":1}},"loc":{"start":{"line":238,"column":0},"end":{"line":240,"column":1}},"line":238},"9":{"name":"runAIPipeline","decl":{"start":{"line":253,"column":0},"end":{"line":283,"column":1}},"loc":{"start":{"line":253,"column":0},"end":{"line":283,"column":1}},"line":253}},"f":{"0":4,"1":0,"2":4,"3":0,"4":3,"5":0,"6":10,"7":10,"8":4,"9":1}}
,"D:\\Prompt War\\virtual-promp-war\\src\\App.tsx": {"path":"D:\\Prompt War\\virtual-promp-war\\src\\App.tsx","all":false,"statementMap":{"0":{"start":{"line":1,"column":0},"end":{"line":1,"column":39}},"1":{"start":{"line":2,"column":0},"end":{"line":2,"column":64}},"2":{"start":{"line":3,"column":0},"end":{"line":3,"column":41}},"3":{"start":{"line":4,"column":0},"end":{"line":4,"column":72}},"6":{"start":{"line":7,"column":0},"end":{"line":7,"column":68}},"7":{"start":{"line":8,"column":0},"end":{"line":8,"column":75}},"8":{"start":{"line":9,"column":0},"end":{"line":9,"column":76}},"9":{"start":{"line":10,"column":0},"end":{"line":10,"column":71}},"10":{"start":{"line":11,"column":0},"end":{"line":11,"column":76}},"11":{"start":{"line":12,"column":0},"end":{"line":12,"column":68}},"12":{"start":{"line":13,"column":0},"end":{"line":13,"column":72}},"14":{"start":{"line":15,"column":0},"end":{"line":15,"column":78}},"15":{"start":{"line":16,"column":0},"end":{"line":16,"column":80}},"16":{"start":{"line":17,"column":0},"end":{"line":17,"column":82}},"19":{"start":{"line":20,"column":0},"end":{"line":20,"column":31}},"20":{"start":{"line":21,"column":0},"end":{"line":21,"column":116}},"21":{"start":{"line":22,"column":0},"end":{"line":22,"column":108}},"22":{"start":{"line":23,"column":0},"end":{"line":23,"column":67}},"23":{"start":{"line":24,"column":0},"end":{"line":24,"column":8}},"27":{"start":{"line":28,"column":0},"end":{"line":28,"column":16}},"28":{"start":{"line":29,"column":0},"end":{"line":29,"column":10}},"29":{"start":{"line":30,"column":0},"end":{"line":30,"column":27}},"30":{"start":{"line":31,"column":0},"end":{"line":31,"column":21}},"31":{"start":{"line":32,"column":0},"end":{"line":32,"column":49}},"32":{"start":{"line":33,"column":0},"end":{"line":33,"column":18}},"33":{"start":{"line":34,"column":0},"end":{"line":34,"column":49}},"34":{"start":{"line":35,"column":0},"end":{"line":35,"column":78}},"35":{"start":{"line":36,"column":0},"end":{"line":36,"column":78}},"36":{"start":{"line":37,"column":0},"end":{"line":37,"column":78}},"37":{"start":{"line":38,"column":0},"end":{"line":38,"column":78}},"38":{"start":{"line":39,"column":0},"end":{"line":39,"column":78}},"39":{"start":{"line":40,"column":0},"end":{"line":40,"column":78}},"40":{"start":{"line":41,"column":0},"end":{"line":41,"column":78}},"42":{"start":{"line":43,"column":0},"end":{"line":43,"column":78}},"43":{"start":{"line":44,"column":0},"end":{"line":44,"column":78}},"44":{"start":{"line":45,"column":0},"end":{"line":45,"column":78}},"45":{"start":{"line":46,"column":0},"end":{"line":46,"column":20}},"46":{"start":{"line":47,"column":0},"end":{"line":47,"column":19}},"47":{"start":{"line":48,"column":0},"end":{"line":48,"column":19}},"48":{"start":{"line":49,"column":0},"end":{"line":49,"column":22}},"49":{"start":{"line":50,"column":0},"end":{"line":50,"column":28}},"51":{"start":{"line":52,"column":0},"end":{"line":52,"column":1}},"53":{"start":{"line":54,"column":0},"end":{"line":54,"column":19}}},"s":{"0":1,"1":1,"2":1,"3":1,"6":1,"7":1,"8":1,"9":1,"10":1,"11":1,"12":1,"14":1,"15":1,"16":1,"19":1,"20":1,"21":1,"22":1,"23":1,"27":1,"28":1,"29":1,"30":1,"31":1,"32":1,"33":1,"34":1,"35":1,"36":1,"37":1,"38":1,"39":1,"40":1,"42":1,"43":1,"44":1,"45":1,"46":1,"47":1,"48":1,"49":1,"51":1,"53":1},"branchMap":{"0":{"type":"branch","line":7,"loc":{"start":{"line":7,"column":34},"end":{"line":7,"column":68}},"locations":[{"start":{"line":7,"column":34},"end":{"line":7,"column":68}}]},"1":{"type":"branch","line":20,"loc":{"start":{"line":20,"column":24},"end":{"line":24,"column":8}},"locations":[{"start":{"line":20,"column":24},"end":{"line":24,"column":8}}]},"2":{"type":"branch","line":28,"loc":{"start":{"line":28,"column":0},"end":{"line":52,"column":1}},"locations":[{"start":{"line":28,"column":0},"end":{"line":52,"column":1}}]}},"b":{"0":[1],"1":[1],"2":[1]},"fnMap":{"0":{"name":"LoadingFallback","decl":{"start":{"line":20,"column":24},"end":{"line":24,"column":8}},"loc":{"start":{"line":20,"column":24},"end":{"line":24,"column":8}},"line":20},"1":{"name":"App","decl":{"start":{"line":28,"column":0},"end":{"line":52,"column":1}},"loc":{"start":{"line":28,"column":0},"end":{"line":52,"column":1}},"line":28}},"f":{"0":1,"1":1}}
,"D:\\Prompt War\\virtual-promp-war\\src\\main.tsx": {"path":"D:\\Prompt War\\virtual-promp-war\\src\\main.tsx","all":true,"statementMap":{"0":{"start":{"line":1,"column":0},"end":{"line":1,"column":34}},"1":{"start":{"line":2,"column":0},"end":{"line":2,"column":45}},"2":{"start":{"line":3,"column":0},"end":{"line":3,"column":20}},"3":{"start":{"line":4,"column":0},"end":{"line":4,"column":27}},"4":{"start":{"line":5,"column":0},"end":{"line":5,"column":0}},"5":{"start":{"line":6,"column":0},"end":{"line":6,"column":35}},"6":{"start":{"line":7,"column":0},"end":{"line":7,"column":41}},"7":{"start":{"line":8,"column":0},"end":{"line":8,"column":85}},"8":{"start":{"line":9,"column":0},"end":{"line":9,"column":29}},"9":{"start":{"line":10,"column":0},"end":{"line":10,"column":53}},"10":{"start":{"line":11,"column":0},"end":{"line":11,"column":8}},"11":{"start":{"line":12,"column":0},"end":{"line":12,"column":35}},"12":{"start":{"line":13,"column":0},"end":{"line":13,"column":67}},"13":{"start":{"line":14,"column":0},"end":{"line":14,"column":9}},"14":{"start":{"line":15,"column":0},"end":{"line":15,"column":5}},"15":{"start":{"line":16,"column":0},"end":{"line":16,"column":1}},"16":{"start":{"line":17,"column":0},"end":{"line":17,"column":0}},"17":{"start":{"line":18,"column":0},"end":{"line":18,"column":52}},"18":{"start":{"line":19,"column":0},"end":{"line":19,"column":14}},"19":{"start":{"line":20,"column":0},"end":{"line":20,"column":11}},"20":{"start":{"line":21,"column":0},"end":{"line":21,"column":16}},"21":{"start":{"line":22,"column":0},"end":{"line":22,"column":1}}},"s":{"0":0,"1":0,"2":0,"3":0,"4":0,"5":0,"6":0,"7":0,"8":0,"9":0,"10":0,"11":0,"12":0,"13":0,"14":0,"15":0,"16":0,"17":0,"18":0,"19":0,"20":0,"21":0},"branchMap":{"0":{"type":"branch","line":1,"loc":{"start":{"line":1,"column":0},"end":{"line":22,"column":1}},"locations":[{"start":{"line":1,"column":0},"end":{"line":22,"column":1}}]}},"b":{"0":[0]},"fnMap":{"0":{"name":"(empty-report)","decl":{"start":{"line":1,"column":0},"end":{"line":22,"column":1}},"loc":{"start":{"line":1,"column":0},"end":{"line":22,"column":1}},"line":1}},"f":{"0":0}}
,"D:\\Prompt War\\virtual-promp-war\\src\\components\\Layout.tsx": {"path":"D:\\Prompt War\\virtual-promp-war\\src\\components\\Layout.tsx","all":false,"statementMap":{"0":{"start":{"line":1,"column":0},"end":{"line":1,"column":61}},"5":{"start":{"line":6,"column":0},"end":{"line":6,"column":34}},"6":{"start":{"line":7,"column":0},"end":{"line":7,"column":54}},"7":{"start":{"line":8,"column":0},"end":{"line":8,"column":33}},"8":{"start":{"line":9,"column":0},"end":{"line":9,"column":86}},"10":{"start":{"line":11,"column":0},"end":{"line":11,"column":20}},"11":{"start":{"line":12,"column":0},"end":{"line":12,"column":47}},"12":{"start":{"line":13,"column":0},"end":{"line":13,"column":49}},"13":{"start":{"line":14,"column":0},"end":{"line":14,"column":47}},"14":{"start":{"line":15,"column":0},"end":{"line":15,"column":47}},"15":{"start":{"line":16,"column":0},"end":{"line":16,"column":47}},"16":{"start":{"line":17,"column":0},"end":{"line":17,"column":47}},"17":{"start":{"line":18,"column":0},"end":{"line":18,"column":47}},"19":{"start":{"line":20,"column":0},"end":{"line":20,"column":47}},"20":{"start":{"line":21,"column":0},"end":{"line":21,"column":47}},"21":{"start":{"line":22,"column":0},"end":{"line":22,"column":47}},"22":{"start":{"line":23,"column":0},"end":{"line":23,"column":4}},"24":{"start":{"line":25,"column":0},"end":{"line":25,"column":32}},"25":{"start":{"line":26,"column":0},"end":{"line":26,"column":52}},"26":{"start":{"line":27,"column":0},"end":{"line":27,"column":58}},"27":{"start":{"line":28,"column":0},"end":{"line":28,"column":31}},"28":{"start":{"line":29,"column":0},"end":{"line":29,"column":4}},"30":{"start":{"line":31,"column":0},"end":{"line":31,"column":10}},"31":{"start":{"line":32,"column":0},"end":{"line":32,"column":57}},"33":{"start":{"line":34,"column":0},"end":{"line":34,"column":8}},"34":{"start":{"line":35,"column":0},"end":{"line":35,"column":28}},"35":{"start":{"line":36,"column":0},"end":{"line":36,"column":154}},"36":{"start":{"line":37,"column":0},"end":{"line":37,"column":7}},"38":{"start":{"line":39,"column":0},"end":{"line":39,"column":10}},"40":{"start":{"line":41,"column":0},"end":{"line":41,"column":98}},"41":{"start":{"line":42,"column":0},"end":{"line":42,"column":64}},"42":{"start":{"line":43,"column":0},"end":{"line":43,"column":53}},"44":{"start":{"line":45,"column":0},"end":{"line":45,"column":47}},"45":{"start":{"line":46,"column":0},"end":{"line":46,"column":92}},"46":{"start":{"line":47,"column":0},"end":{"line":47,"column":80}},"47":{"start":{"line":48,"column":0},"end":{"line":48,"column":100}},"48":{"start":{"line":49,"column":0},"end":{"line":49,"column":21}},"49":{"start":{"line":50,"column":0},"end":{"line":50,"column":18}},"52":{"start":{"line":53,"column":0},"end":{"line":53,"column":96}},"53":{"start":{"line":54,"column":0},"end":{"line":54,"column":39}},"54":{"start":{"line":55,"column":0},"end":{"line":55,"column":21}},"55":{"start":{"line":56,"column":0},"end":{"line":56,"column":33}},"56":{"start":{"line":57,"column":0},"end":{"line":57,"column":32}},"57":{"start":{"line":58,"column":0},"end":{"line":58,"column":85}},"58":{"start":{"line":59,"column":0},"end":{"line":59,"column":111}},"59":{"start":{"line":60,"column":0},"end":{"line":60,"column":51}},"60":{"start":{"line":61,"column":0},"end":{"line":61,"column":72}},"61":{"start":{"line":62,"column":0},"end":{"line":62,"column":39}},"62":{"start":{"line":63,"column":0},"end":{"line":63,"column":21}},"64":{"start":{"line":65,"column":0},"end":{"line":65,"column":29}},"65":{"start":{"line":66,"column":0},"end":{"line":66,"column":23}},"66":{"start":{"line":67,"column":0},"end":{"line":67,"column":17}},"68":{"start":{"line":69,"column":0},"end":{"line":69,"column":78}},"70":{"start":{"line":71,"column":0},"end":{"line":71,"column":21}},"71":{"start":{"line":72,"column":0},"end":{"line":72,"column":62}},"72":{"start":{"line":73,"column":0},"end":{"line":73,"column":117}},"73":{"start":{"line":74,"column":0},"end":{"line":74,"column":92}},"74":{"start":{"line":75,"column":0},"end":{"line":75,"column":44}},"76":{"start":{"line":77,"column":0},"end":{"line":77,"column":66}},"77":{"start":{"line":78,"column":0},"end":{"line":78,"column":23}},"79":{"start":{"line":80,"column":0},"end":{"line":80,"column":21}},"80":{"start":{"line":81,"column":0},"end":{"line":81,"column":40}},"81":{"start":{"line":82,"column":0},"end":{"line":82,"column":117}},"82":{"start":{"line":83,"column":0},"end":{"line":83,"column":70}},"83":{"start":{"line":84,"column":0},"end":{"line":84,"column":40}},"85":{"start":{"line":86,"column":0},"end":{"line":86,"column":63}},"86":{"start":{"line":87,"column":0},"end":{"line":87,"column":23}},"87":{"start":{"line":88,"column":0},"end":{"line":88,"column":18}},"90":{"start":{"line":91,"column":0},"end":{"line":91,"column":63}},"91":{"start":{"line":92,"column":0},"end":{"line":92,"column":21}},"92":{"start":{"line":93,"column":0},"end":{"line":93,"column":62}},"93":{"start":{"line":94,"column":0},"end":{"line":94,"column":45}},"94":{"start":{"line":95,"column":0},"end":{"line":95,"column":49}},"96":{"start":{"line":97,"column":0},"end":{"line":97,"column":66}},"97":{"start":{"line":98,"column":0},"end":{"line":98,"column":23}},"98":{"start":{"line":99,"column":0},"end":{"line":99,"column":21}},"99":{"start":{"line":100,"column":0},"end":{"line":100,"column":58}},"100":{"start":{"line":101,"column":0},"end":{"line":101,"column":84}},"101":{"start":{"line":102,"column":0},"end":{"line":102,"column":42}},"102":{"start":{"line":103,"column":0},"end":{"line":103,"column":38}},"104":{"start":{"line":105,"column":0},"end":{"line":105,"column":27}},"105":{"start":{"line":106,"column":0},"end":{"line":106,"column":64}},"106":{"start":{"line":107,"column":0},"end":{"line":107,"column":68}},"107":{"start":{"line":108,"column":0},"end":{"line":108,"column":23}},"108":{"start":{"line":109,"column":0},"end":{"line":109,"column":18}},"109":{"start":{"line":110,"column":0},"end":{"line":110,"column":16}},"110":{"start":{"line":111,"column":0},"end":{"line":111,"column":14}},"113":{"start":{"line":114,"column":0},"end":{"line":114,"column":24}},"114":{"start":{"line":115,"column":0},"end":{"line":115,"column":71}},"115":{"start":{"line":116,"column":0},"end":{"line":116,"column":93}},"116":{"start":{"line":117,"column":0},"end":{"line":117,"column":39}},"117":{"start":{"line":118,"column":0},"end":{"line":118,"column":21}},"118":{"start":{"line":119,"column":0},"end":{"line":119,"column":33}},"119":{"start":{"line":120,"column":0},"end":{"line":120,"column":32}},"120":{"start":{"line":121,"column":0},"end":{"line":121,"column":54}},"121":{"start":{"line":122,"column":0},"end":{"line":122,"column":85}},"122":{"start":{"line":123,"column":0},"end":{"line":123,"column":81}},"123":{"start":{"line":124,"column":0},"end":{"line":124,"column":51}},"124":{"start":{"line":125,"column":0},"end":{"line":125,"column":56}},"125":{"start":{"line":126,"column":0},"end":{"line":126,"column":56}},"126":{"start":{"line":127,"column":0},"end":{"line":127,"column":21}},"128":{"start":{"line":129,"column":0},"end":{"line":129,"column":29}},"129":{"start":{"line":130,"column":0},"end":{"line":130,"column":23}},"130":{"start":{"line":131,"column":0},"end":{"line":131,"column":17}},"131":{"start":{"line":132,"column":0},"end":{"line":132,"column":21}},"132":{"start":{"line":133,"column":0},"end":{"line":133,"column":40}},"133":{"start":{"line":134,"column":0},"end":{"line":134,"column":108}},"134":{"start":{"line":135,"column":0},"end":{"line":135,"column":15}},"135":{"start":{"line":136,"column":0},"end":{"line":136,"column":37}},"136":{"start":{"line":137,"column":0},"end":{"line":137,"column":23}},"137":{"start":{"line":138,"column":0},"end":{"line":138,"column":18}},"138":{"start":{"line":139,"column":0},"end":{"line":139,"column":16}},"140":{"start":{"line":141,"column":0},"end":{"line":141,"column":15}},"142":{"start":{"line":143,"column":0},"end":{"line":143,"column":11}},"143":{"start":{"line":144,"column":0},"end":{"line":144,"column":25}},"144":{"start":{"line":145,"column":0},"end":{"line":145,"column":90}},"145":{"start":{"line":146,"column":0},"end":{"line":146,"column":21}},"147":{"start":{"line":148,"column":0},"end":{"line":148,"column":18}},"148":{"start":{"line":149,"column":0},"end":{"line":149,"column":13}},"150":{"start":{"line":151,"column":0},"end":{"line":151,"column":97}},"151":{"start":{"line":152,"column":0},"end":{"line":152,"column":45}},"152":{"start":{"line":153,"column":0},"end":{"line":153,"column":99}},"153":{"start":{"line":154,"column":0},"end":{"line":154,"column":12}},"154":{"start":{"line":155,"column":0},"end":{"line":155,"column":45}},"156":{"start":{"line":157,"column":0},"end":{"line":157,"column":12}},"157":{"start":{"line":158,"column":0},"end":{"line":158,"column":15}},"158":{"start":{"line":159,"column":0},"end":{"line":159,"column":10}},"160":{"start":{"line":161,"column":0},"end":{"line":161,"column":1}}},"s":{"0":1,"5":6,"6":6,"7":6,"8":6,"10":6,"11":6,"12":6,"13":6,"14":6,"15":6,"16":6,"17":6,"19":6,"20":6,"21":6,"22":6,"24":6,"25":0,"26":0,"27":0,"28":0,"30":6,"31":6,"33":6,"34":6,"35":6,"36":6,"38":6,"40":6,"41":6,"42":6,"44":6,"45":6,"46":6,"47":6,"48":6,"49":6,"52":6,"53":6,"54":60,"55":60,"56":60,"57":60,"58":60,"59":60,"60":6,"61":54,"62":60,"64":60,"65":60,"66":6,"68":6,"70":6,"71":6,"72":6,"73":6,"74":6,"76":6,"77":6,"79":6,"80":6,"81":6,"82":6,"83":6,"85":6,"86":6,"87":6,"90":6,"91":6,"92":6,"93":6,"94":6,"96":6,"97":6,"98":6,"99":6,"100":6,"101":6,"102":6,"104":6,"105":0,"106":6,"107":6,"108":6,"109":6,"110":6,"113":6,"114":0,"115":0,"116":0,"117":0,"118":0,"119":0,"120":0,"121":0,"122":0,"123":0,"124":0,"125":0,"126":0,"128":0,"129":0,"130":0,"131":0,"132":0,"133":0,"134":0,"135":0,"136":0,"137":0,"138":0,"140":6,"142":6,"143":6,"144":6,"145":6,"147":6,"148":6,"150":6,"151":6,"152":6,"153":6,"154":6,"156":6,"157":6,"158":6,"160":6},"branchMap":{"0":{"type":"branch","line":6,"loc":{"start":{"line":6,"column":0},"end":{"line":161,"column":1}},"locations":[{"start":{"line":6,"column":0},"end":{"line":161,"column":1}}]},"1":{"type":"branch","line":74,"loc":{"start":{"line":74,"column":28},"end":{"line":74,"column":69}},"locations":[{"start":{"line":74,"column":28},"end":{"line":74,"column":69}}]},"2":{"type":"branch","line":74,"loc":{"start":{"line":74,"column":43},"end":{"line":74,"column":92}},"locations":[{"start":{"line":74,"column":43},"end":{"line":74,"column":92}}]},"3":{"type":"branch","line":105,"loc":{"start":{"line":105,"column":17},"end":{"line":106,"column":64}},"locations":[{"start":{"line":105,"column":17},"end":{"line":106,"column":64}}]},"4":{"type":"branch","line":114,"loc":{"start":{"line":114,"column":9},"end":{"line":139,"column":16}},"locations":[{"start":{"line":114,"column":9},"end":{"line":139,"column":16}}]},"5":{"type":"branch","line":54,"loc":{"start":{"line":54,"column":28},"end":{"line":66,"column":23}},"locations":[{"start":{"line":54,"column":28},"end":{"line":66,"column":23}}]},"6":{"type":"branch","line":58,"loc":{"start":{"line":58,"column":59},"end":{"line":58,"column":75}},"locations":[{"start":{"line":58,"column":59},"end":{"line":58,"column":75}}]},"7":{"type":"branch","line":58,"loc":{"start":{"line":58,"column":66},"end":{"line":58,"column":85}},"locations":[{"start":{"line":58,"column":66},"end":{"line":58,"column":85}}]},"8":{"type":"branch","line":60,"loc":{"start":{"line":60,"column":47},"end":{"line":61,"column":72}},"locations":[{"start":{"line":60,"column":47},"end":{"line":61,"column":72}}]},"9":{"type":"branch","line":61,"loc":{"start":{"line":61,"column":24},"end":{"line":62,"column":39}},"locations":[{"start":{"line":61,"column":24},"end":{"line":62,"column":39}}]},"10":{"type":"branch","line":72,"loc":{"start":{"line":72,"column":25},"end":{"line":72,"column":62}},"locations":[{"start":{"line":72,"column":25},"end":{"line":72,"column":62}}]}},"b":{"0":[6],"1":[1],"2":[5],"3":[0],"4":[0],"5":[60],"6":[6],"7":[54],"8":[6],"9":[54],"10":[1]},"fnMap":{"0":{"name":"Layout","decl":{"start":{"line":6,"column":0},"end":{"line":161,"column":1}},"loc":{"start":{"line":6,"column":0},"end":{"line":161,"column":1}},"line":6},"1":{"name":"toggleFontSize","decl":{"start":{"line":25,"column":25},"end":{"line":29,"column":4}},"loc":{"start":{"line":25,"column":25},"end":{"line":29,"column":4}},"line":25},"2":{"name":"onClick","decl":{"start":{"line":72,"column":25},"end":{"line":72,"column":62}},"loc":{"start":{"line":72,"column":25},"end":{"line":72,"column":62}},"line":72},"3":{"name":"onClick","decl":{"start":{"line":93,"column":25},"end":{"line":93,"column":62}},"loc":{"start":{"line":93,"column":25},"end":{"line":93,"column":62}},"line":93},"4":{"name":"onClick","decl":{"start":{"line":100,"column":25},"end":{"line":100,"column":58}},"loc":{"start":{"line":100,"column":25},"end":{"line":100,"column":58}},"line":100}},"f":{"0":6,"1":0,"2":1,"3":0,"4":0}}
,"D:\\Prompt War\\virtual-promp-war\\src\\contexts\\AccessibilityContext.tsx": {"path":"D:\\Prompt War\\virtual-promp-war\\src\\contexts\\AccessibilityContext.tsx","all":false,"statementMap":{"0":{"start":{"line":1,"column":0},"end":{"line":1,"column":57}},"10":{"start":{"line":11,"column":0},"end":{"line":11,"column":92}},"12":{"start":{"line":13,"column":0},"end":{"line":13,"column":78}},"13":{"start":{"line":14,"column":0},"end":{"line":14,"column":58}},"14":{"start":{"line":15,"column":0},"end":{"line":15,"column":56}},"15":{"start":{"line":16,"column":0},"end":{"line":16,"column":28}},"16":{"start":{"line":17,"column":0},"end":{"line":17,"column":5}},"18":{"start":{"line":19,"column":0},"end":{"line":19,"column":82}},"19":{"start":{"line":20,"column":0},"end":{"line":20,"column":56}},"20":{"start":{"line":21,"column":0},"end":{"line":21,"column":65}},"21":{"start":{"line":22,"column":0},"end":{"line":22,"column":5}},"23":{"start":{"line":24,"column":0},"end":{"line":24,"column":19}},"24":{"start":{"line":25,"column":0},"end":{"line":25,"column":64}},"25":{"start":{"line":26,"column":0},"end":{"line":26,"column":23}},"26":{"start":{"line":27,"column":0},"end":{"line":27,"column":51}},"27":{"start":{"line":28,"column":0},"end":{"line":28,"column":12}},"28":{"start":{"line":29,"column":0},"end":{"line":29,"column":54}},"29":{"start":{"line":30,"column":0},"end":{"line":30,"column":5}},"30":{"start":{"line":31,"column":0},"end":{"line":31,"column":21}},"32":{"start":{"line":33,"column":0},"end":{"line":33,"column":19}},"33":{"start":{"line":34,"column":0},"end":{"line":34,"column":52}},"34":{"start":{"line":35,"column":0},"end":{"line":35,"column":80}},"35":{"start":{"line":36,"column":0},"end":{"line":36,"column":52}},"36":{"start":{"line":37,"column":0},"end":{"line":37,"column":17}},"38":{"start":{"line":39,"column":0},"end":{"line":39,"column":10}},"39":{"start":{"line":40,"column":0},"end":{"line":40,"column":100}},"40":{"start":{"line":41,"column":0},"end":{"line":41,"column":16}},"41":{"start":{"line":42,"column":0},"end":{"line":42,"column":36}},"43":{"start":{"line":44,"column":0},"end":{"line":44,"column":1}},"45":{"start":{"line":46,"column":0},"end":{"line":46,"column":36}},"46":{"start":{"line":47,"column":0},"end":{"line":47,"column":51}},"47":{"start":{"line":48,"column":0},"end":{"line":48,"column":30}},"48":{"start":{"line":49,"column":0},"end":{"line":49,"column":85}},"49":{"start":{"line":50,"column":0},"end":{"line":50,"column":3}},"50":{"start":{"line":51,"column":0},"end":{"line":51,"column":17}},"51":{"start":{"line":52,"column":0},"end":{"line":52,"column":1}}},"s":{"0":1,"10":1,"12":1,"13":12,"14":11,"15":11,"16":12,"18":12,"19":11,"20":11,"21":12,"23":12,"24":12,"25":12,"26":1,"27":12,"28":11,"29":11,"30":12,"32":12,"33":11,"34":11,"35":11,"36":12,"38":12,"39":12,"40":12,"41":12,"43":12,"45":1,"46":6,"47":6,"48":0,"49":0,"50":6,"51":6},"branchMap":{"0":{"type":"branch","line":13,"loc":{"start":{"line":13,"column":7},"end":{"line":44,"column":1}},"locations":[{"start":{"line":13,"column":7},"end":{"line":44,"column":1}}]},"1":{"type":"branch","line":14,"loc":{"start":{"line":14,"column":51},"end":{"line":17,"column":3}},"locations":[{"start":{"line":14,"column":51},"end":{"line":17,"column":3}}]},"2":{"type":"branch","line":19,"loc":{"start":{"line":19,"column":75},"end":{"line":22,"column":3}},"locations":[{"start":{"line":19,"column":75},"end":{"line":22,"column":3}}]},"3":{"type":"branch","line":21,"loc":{"start":{"line":21,"column":12},"end":{"line":21,"column":65}},"locations":[{"start":{"line":21,"column":12},"end":{"line":21,"column":65}}]},"4":{"type":"branch","line":24,"loc":{"start":{"line":24,"column":12},"end":{"line":31,"column":5}},"locations":[{"start":{"line":24,"column":12},"end":{"line":31,"column":5}}]},"5":{"type":"branch","line":26,"loc":{"start":{"line":26,"column":22},"end":{"line":28,"column":11}},"locations":[{"start":{"line":26,"column":22},"end":{"line":28,"column":11}}]},"6":{"type":"branch","line":28,"loc":{"start":{"line":28,"column":4},"end":{"line":30,"column":5}},"locations":[{"start":{"line":28,"column":4},"end":{"line":30,"column":5}}]},"7":{"type":"branch","line":33,"loc":{"start":{"line":33,"column":12},"end":{"line":37,"column":5}},"locations":[{"start":{"line":33,"column":12},"end":{"line":37,"column":5}}]},"8":{"type":"branch","line":46,"loc":{"start":{"line":46,"column":7},"end":{"line":52,"column":1}},"locations":[{"start":{"line":46,"column":7},"end":{"line":52,"column":1}}]},"9":{"type":"branch","line":48,"loc":{"start":{"line":48,"column":29},"end":{"line":50,"column":3}},"locations":[{"start":{"line":48,"column":29},"end":{"line":50,"column":3}}]}},"b":{"0":[12],"1":[11],"2":[11],"3":[2],"4":[12],"5":[1],"6":[11],"7":[11],"8":[6],"9":[0]},"fnMap":{"0":{"name":"AccessibilityProvider","decl":{"start":{"line":13,"column":7},"end":{"line":44,"column":1}},"loc":{"start":{"line":13,"column":7},"end":{"line":44,"column":1}},"line":13},"1":{"name":"useAccessibility","decl":{"start":{"line":46,"column":7},"end":{"line":52,"column":1}},"loc":{"start":{"line":46,"column":7},"end":{"line":52,"column":1}},"line":46}},"f":{"0":12,"1":6}}
,"D:\\Prompt War\\virtual-promp-war\\src\\contexts\\LanguageContext.tsx": {"path":"D:\\Prompt War\\virtual-promp-war\\src\\contexts\\LanguageContext.tsx","all":false,"statementMap":{"0":{"start":{"line":1,"column":0},"end":{"line":1,"column":57}},"8":{"start":{"line":9,"column":0},"end":{"line":9,"column":57}},"9":{"start":{"line":10,"column":0},"end":{"line":10,"column":18}},"10":{"start":{"line":11,"column":0},"end":{"line":11,"column":16}},"11":{"start":{"line":12,"column":0},"end":{"line":12,"column":18}},"12":{"start":{"line":13,"column":0},"end":{"line":13,"column":17}},"13":{"start":{"line":14,"column":0},"end":{"line":14,"column":18}},"14":{"start":{"line":15,"column":0},"end":{"line":15,"column":16}},"15":{"start":{"line":16,"column":0},"end":{"line":16,"column":15}},"16":{"start":{"line":17,"column":0},"end":{"line":17,"column":19}},"17":{"start":{"line":18,"column":0},"end":{"line":18,"column":18}},"18":{"start":{"line":19,"column":0},"end":{"line":19,"column":15}},"19":{"start":{"line":20,"column":0},"end":{"line":20,"column":20}},"20":{"start":{"line":21,"column":0},"end":{"line":21,"column":18}},"21":{"start":{"line":22,"column":0},"end":{"line":22,"column":19}},"22":{"start":{"line":23,"column":0},"end":{"line":23,"column":20}},"23":{"start":{"line":24,"column":0},"end":{"line":24,"column":19}},"24":{"start":{"line":25,"column":0},"end":{"line":25,"column":19}},"25":{"start":{"line":26,"column":0},"end":{"line":26,"column":17}},"26":{"start":{"line":27,"column":0},"end":{"line":27,"column":17}},"27":{"start":{"line":28,"column":0},"end":{"line":28,"column":17}},"28":{"start":{"line":29,"column":0},"end":{"line":29,"column":19}},"29":{"start":{"line":30,"column":0},"end":{"line":30,"column":20}},"30":{"start":{"line":31,"column":0},"end":{"line":31,"column":15}},"31":{"start":{"line":32,"column":0},"end":{"line":32,"column":2}},"41":{"start":{"line":42,"column":0},"end":{"line":42,"column":82}},"44":{"start":{"line":45,"column":0},"end":{"line":45,"column":51}},"46":{"start":{"line":47,"column":0},"end":{"line":47,"column":92}},"47":{"start":{"line":48,"column":0},"end":{"line":48,"column":72}},"48":{"start":{"line":49,"column":0},"end":{"line":49,"column":64}},"49":{"start":{"line":50,"column":0},"end":{
[...]
,"D:\\Prompt War\\virtual-promp-war\\src\\services\\calendarService.ts": {"path":"D:\\Prompt War\\virtual-promp-war\\src\\services\\calendarService.ts","all":false,"statementMap":{"0":{"start":{"line":1,"column":0},"end":{"line":1,"column":47}},"20":{"start":{"line":21,"column":0},"end":{"line":21,"column":32}},"26":{"start":{"line":27,"column":0},"end":{"line":27,"column":85}},"27":{"start":{"line":28,"column":0},"end":{"line":28,"column":9}},"28":{"start":{"line":29,"column":0},"end":{"line":29,"column":95}},"29":{"start":{"line":30,"column":0},"end":{"line":30,"column":23}},"30":{"start":{"line":31,"column":0},"end":{"line":31,"column":43}},"31":{"start":{"line":32,"column":0},"end":{"line":32,"column":9}},"32":{"start":{"line":33,"column":0},"end":{"line":33,"column":22}},"33":{"start":{"line":34,"column":0},"end":{"line":34,"column":21}},"34":{"start":{"line":35,"column":0},"end":{"line":35,"column":74}},"35":{"start":{"line":36,"column":0},"end":{"line":36,"column":91}},"36":{"start":{"line":37,"column":0},"end":{"line":37,"column":5}},"37":{"start":{"line":38,"column":0},"end":{"line":38,"column":3}},"38":{"start":{"line":39,"column":0},"end":{"line":39,"column":2}}},"s":{"0":1,"20":1,"26":1,"27":20,"28":20,"29":20,"30":20,"31":20,"32":20,"33":20,"34":0,"35":0,"36":0,"37":20,"38":1},"branchMap":{"0":{"type":"branch","line":27,"loc":{"start":{"line":27,"column":2},"end":{"line":38,"column":3}},"locations":[{"start":{"line":27,"column":2},"end":{"line":38,"column":3}}]},"1":{"type":"branch","line":34,"loc":{"start":{"line":34,"column":4},"end":{"line":37,"column":5}},"locations":[{"start":{"line":34,"column":4},"end":{"line":37,"column":5}}]}},"b":{"0":[20],"1":[0]},"fnMap":{"0":{"name":"addElectionReminder","decl":{"start":{"line":27,"column":2},"end":{"line":38,"column":3}},"loc":{"start":{"line":27,"column":2},"end":{"line":38,"column":3}},"line":27}},"f":{"0":20}}
,"D:\\Prompt War\\virtual-promp-war\\src\\services\\embeddingsService.ts": {"path":"D:\\Prompt War\\virtual-promp-war\\src\\services\\embeddingsService.ts","all":false,"statementMap":{"0":{"start":{"line":1,"column":0},"end":{"line":1,"column":47}},"10":{"start":{"line":11,"column":0},"end":{"line":11,"column":34}},"17":{"start":{"line":18,"column":0},"end":{"line":18,"column":56}},"18":{"start":{"line":19,"column":0},"end":{"line":19,"column":23}},"19":{"start":{"line":20,"column":0},"end":{"line":20,"column":60}},"20":{"start":{"line":21,"column":0},"end":{"line":21,"column":5}},"22":{"start":{"line":23,"column":0},"end":{"line":23,"column":9}},"23":{"start":{"line":24,"column":0},"end":{"line":24,"column":85}},"24":{"start":{"line":25,"column":0},"end":{"line":25,"column":23}},"25":{"start":{"line":26,"column":0},"end":{"line":26,"column":39}},"26":{"start":{"line":27,"column":0},"end":{"line":27,"column":9}},"27":{"start":{"line":28,"column":0},"end":{"line":28,"column":29}},"28":{"start":{"line":29,"column":0},"end":{"line":29,"column":21}},"29":{"start":{"line":30,"column":0},"end":{"line":30,"column":70}},"30":{"start":{"line":31,"column":0},"end":{"line":31,"column":61}},"31":{"start":{"line":32,"column":0},"end":{"line":32,"column":5}},"32":{"start":{"line":33,"column":0},"end":{"line":33,"column":3}},"33":{"start":{"line":34,"column":0},"end":{"line":34,"column":2}}},"s":{"0":1,"10":1,"17":1,"18":30,"19":0,"20":0,"22":30,"23":30,"24":30,"25":30,"26":30,"27":30,"28":30,"29":0,"30":0,"31":0,"32":30,"33":1},"branchMap":{"0":{"type":"branch","line":18,"loc":{"start":{"line":18,"column":2},"end":{"line":33,"column":3}},"locations":[{"start":{"line":18,"column":2},"end":{"line":33,"column":3}}]},"1":{"type":"branch","line":19,"loc":{"start":{"line":19,"column":22},"end":{"line":21,"column":5}},"locations":[{"start":{"line":19,"column":22},"end":{"line":21,"column":5}}]},"2":{"type":"branch","line":29,"loc":{"start":{"line":29,"column":4},"end":{"line":32,"column":5}},"locations":[{"start":{"line":29,"column":4},"end":{"line":32,"column":5}}]}},"b":{"0":[30],"1":[0],"2":[0]},"fnMap":{"0":{"name":"getEmbeddings","decl":{"start":{"line":18,"column":2},"end":{"line":33,"column":3}},"loc":{"start":{"line":18,"column":2},"end":{"line":33,"column":3}},"line":18}},"f":{"0":30}}
,"D:\\Prompt War\\virtual-promp-war\\src\\services\\geminiService.ts": {"path":"D:\\Prompt War\\virtual-promp-war\\src\\services\\geminiService.ts","all":false,"statementMap":{"0":{"start":{"line":1,"column":0},"end":{"line":1,"column":47}},"10":{"start":{"line":11,"column":0},"end":{"line":11,"column":30}},"16":{"start":{"line":17,"column":0},"end":{"line":17,"column":66}},"17":{"start":{"line":18,"column":0},"end":{"line":18,"column":25}},"18":{"start":{"line":19,"column":0},"end":{"line":19,"column":48}},"19":{"start":{"line":20,"column":0},"end":{"line":20,"column":5}},"21":{"start":{"line":22,"column":0},"end":{"line":22,"column":9}},"22":{"start":{"line":23,"column":0},"end":{"line":23,"column":83}},"23":{"start":{"line":24,"column":0},"end":{"line":24,"column":23}},"24":{"start":{"line":25,"column":0},"end":{"line":25,"column":41}},"25":{"start":{"line":26,"column":0},"end":{"line":26,"column":9}},"26":{"start":{"line":27,"column":0},"end":{"line":27,"column":22}},"27":{"start":{"line":28,"column":0},"end":{"line":28,"column":21}},"28":{"start":{"line":29,"column":0},"end":{"line":29,"column":69}},"29":{"start":{"line":30,"column":0},"end":{"line":30,"column":96}},"30":{"start":{"line":31,"column":0},"end":{"line":31,"column":5}},"31":{"start":{"line":32,"column":0},"end":{"line":32,"column":3}},"32":{"start":{"line":33,"column":0},"end":{"line":33,"column":2}}},"s":{"0":1,"10":1,"16":1,"17":31,"18":1,"19":1,"21":30,"22":30,"23":30,"24":30,"25":30,"26":30,"27":31,"28":0,"29":0,"30":0,"31":31,"32":1},"branchMap":{"0":{"type":"branch","line":17,"loc":{"start":{"line":17,"column":2},"end":{"line":32,"column":3}},"locations":[{"start":{"line":17,"column":2},"end":{"line":32,"column":3}}]},"1":{"type":"branch","line":18,"loc":{"start":{"line":18,"column":24},"end":{"line":20,"column":5}},"locations":[{"start":{"line":18,"column":24},"end":{"line":20,"column":5}}]},"2":{"type":"branch","line":20,"loc":{"start":{"line":20,"column":4},"end":{"line":28,"column":13}},"locations":[{"start":{"line":20,"column":4},"end":{"line":28,"column":13}}]},"3":{"type":"branch","line":28,"loc":{"start":{"line":28,"column":4},"end":{"line":31,"column":5}},"locations":[{"start":{"line":28,"column":4},"end":{"line":31,"column":5}}]}},"b":{"0":[31],"1":[1],"2":[30],"3":[0]},"fnMap":{"0":{"name":"askElectionCoach","decl":{"start":{"line":17,"column":2},"end":{"line":32,"column":3}},"loc":{"start":{"line":17,"column":2},"end":{"line":32,"column":3}},"line":17}},"f":{"0":31}}
,"D:\\Prompt War\\virtual-promp-war\\src\\services\\mapsService.ts": {"path":"D:\\Prompt War\\virtual-promp-war\\src\\services\\mapsService.ts","all":false,"statementMap":{"0":{"start":{"line":1,"column":0},"end":{"line":1,"column":51}},"14":{"start":{"line":15,"column":0},"end":{"line":15,"column":36}},"21":{"start":{"line":22,"column":0},"end":{"line":22,"column":28}},"25":{"start":{"line":26,"column":0},"end":{"line":26,"column":24}},"26":{"start":{"line":27,"column":0},"end":{"line":27,"column":21}},"27":{"start":{"line":28,"column":0},"end":{"line":28,"column":30}},"28":{"start":{"line":29,"column":0},"end":{"line":29,"column":15}},"29":{"start":{"line":30,"column":0},"end":{"line":30,"column":26}},"30":{"start":{"line":31,"column":0},"end":{"line":31,"column":29}},"31":{"start":{"line":32,"column":0},"end":{"line":32,"column":9}},"32":{"start":{"line":33,"column":0},"end":{"line":33,"column":5}},"33":{"start":{"line":34,"column":0},"end":{"line":34,"column":4}},"45":{"start":{"line":46,"column":0},"end":{"line":46,"column":98}},"46":{"start":{"line":47,"column":0},"end":{"line":47,"column":21}},"47":{"start":{"line":48,"column":0},"end":{"line":48,"column":78}},"49":{"start":{"line":50,"column":0},"end":{"line":50,"column":14}},"50":{"start":{"line":51,"column":0},"end":{"line":51,"column":9}},"51":{"start":{"line":52,"column":0},"end":{"line":52,"column":29}},"52":{"start":{"line":53,"column":0},"end":{"line":53,"column":50}},"53":{"start":{"line":54,"column":0},"end":{"line":54,"column":54}},"54":{"start":{"line":55,"column":0},"end":{"line":55,"column":76}},"55":{"start":{"line":56,"column":0},"end":{"line":56,"column":10}},"56":{"start":{"line":57,"column":0},"end":{"line":57,"column":9}},"57":{"start":{"line":58,"column":0},"end":{"line":58,"column":29}},"58":{"start":{"line":59,"column":0},"end":{"line":59,"column":46}},"59":{"start":{"line":60,"column":0},"end":{"line":60,"column":52}},"60":{"start":{"line":61,"column":0},"end":{"line":61,"column":76}},"61":{"start":{"line":62,"column":0},"end":{"line":62,"column":9}},"62":{"start":{"line":63,"column":0},"end":{"line":63,"column":8}},"63":{"start":{"line":64,"column":0},"end":{"line":64,"column":5}},"65":{"start":{"line":66,"column":0},"end":{"line":66,"column":9}},"72":{"start":{"line":73,"column":0},"end":{"line":73,"column":124}},"75":{"start":{"line":76,"column":0},"end":{"line":76,"column":61}},"77":{"start":{"line":78,"column":0},"end":{"line":78,"column":14}},"78":{"start":{"line":79,"column":0},"end":{"line":79,"column":9}},"79":{"start":{"line":80,"column":0},"end":{"line":80,"column":24}},"80":{"start":{"line":81,"column":0},"end":{"line":81,"column":53}},"81":{"start":{"line":82,"column":0},"end":{"line":82,"column":39}},"82":{"start":{"line":83,"column":0},"end":{"line":83,"column":76}},"83":{"start":{"line":84,"column":0},"end":{"line":84,"column":9}},"84":{"start":{"line":85,"column":0},"end":{"line":85,"column":8}},"86":{"start":{"line":87,"column":0},"end":{"line":87,"column":21}},"87":{"start":{"line":88,"column":0},"end":{"line":88,"column":68}},"88":{"start":{"line":89,"column":0},"end":{"line":89,"column":58}},"89":{"start":{"line":90,"column":0},"end":{"line":90,"column":5}},"90":{"start":{"line":91,"column":0},"end":{"line":91,"column":3}},"91":{"start":{"line":92,"column":0},"end":{"line":92,"column":2}}},"s":{"0":1,"14":1,"21":1,"25":1,"26":0,"27":0,"28":0,"29":0,"30":0,"31":0,"32":0,"33":0,"45":1,"46":20,"47":20,"49":20,"50":20,"51":20,"52":20,"53":20,"54":20,"55":20,"56":20,"57":20,"58":20,"59":20,"60":20,"61":20,"62":20,"63":20,"65":0,"72":0,"75":0,"77":0,"78":0,"79":0,"80":0,"81":0,"82":0,"83":0,"84":0,"86":0,"87":0,"88":0,"89":0,"90":20,"91":1},"branchMap":{"0":{"type":"branch","line":46,"loc":{"start":{"line":46,"column":2},"end":{"line":91,"column":3}},"locations":[{"start":{"line":46,"column":2},"end":{"line":91,"column":3}}]},"1":{"type":"branch","line":64,"loc":{"start":{"line":64,"column":4},"end":{"line":90,"column":5}},"locations":[{"start":{"line":64,"column":4},"end":{"line":90,"column":5}}]}},"b":{"0":[20],"1":[0]},"fnMap":{"0":{"name":"init","decl":{"start":{"line":26,"column":2},"end":{"line":34,"column":4}},"loc":{"start":{"line":26,"column":2},"end":{"line":34,"column":4}},"line":26},"1":{"name":"findPollingBooths","decl":{"start":{"line":46,"column":2},"end":{"line":91,"column":3}},"loc":{"start":{"line":46,"column":2},"end":{"line":91,"column":3}},"line":46},"2":{"name":"id","decl":{"start":{"line":76,"column":24},"end":{"line":76,"column":59}},"loc":{"start":{"line":76,"column":24},"end":{"line":76,"column":59}},"line":76}},"f":{"0":0,"1":20,"2":0}}
,"D:\\Prompt War\\virtual-promp-war\\src\\services\\nlpService.ts": {"path":"D:\\Prompt War\\virtual-promp-war\\src\\services\\nlpService.ts","all":false,"statementMap":{"0":{"start":{"line":1,"column":0},"end":{"line":1,"column":47}},"16":{"start":{"line":17,"column":0},"end":{"line":17,"column":27}},"22":{"start":{"line":23,"column":0},"end":{"line":23,"column":58}},"23":{"start":{"line":24,"column":0},"end":{"line":24,"column":23}},"24":{"start":{"line":25,"column":0},"end":{"line":25,"column":49}},"25":{"start":{"line":26,"column":0},"end":{"line":26,"column":5}},"27":{"start":{"line":28,"column":0},"end":{"line":28,"column":9}},"28":{"start":{"line":29,"column":0},"end":{"line":29,"column":80}},"29":{"start":{"line":30,"column":0},"end":{"line":30,"column":23}},"30":{"start":{"line":31,"column":0},"end":{"line":31,"column":39}},"31":{"start":{"line":32,"column":0},"end":{"line":32,"column":9}},"32":{"start":{"line":33,"column":0},"end":{"line":33,"column":22}},"33":{"start":{"line":34,"column":0},"end":{"line":34,"column":21}},"34":{"start":{"line":35,"column":0},"end":{"line":35,"column":62}},"36":{"start":{"line":37,"column":0},"end":{"line":37,"column":49}},"37":{"start":{"line":38,"column":0},"end":{"line":38,"column":5}},"38":{"start":{"line":39,"column":0},"end":{"line":39,"column":3}},"39":{"start":{"line":40,"column":0},"end":{"line":40,"column":2}}},"s":{"0":1,"16":1,"22":1,"23":21,"24":1,"25":1,"27":20,"28":20,"29":20,"30":20,"31":20,"32":20,"33":21,"34":0,"36":0,"37":0,"38":21,"39":1},"branchMap":{"0":{"type":"branch","line":23,"loc":{"start":{"line":23,"column":2},"end":{"line":39,"column":3}},"locations":[{"start":{"line":23,"column":2},"end":{"line":39,"column":3}}]},"1":{"type":"branch","line":24,"loc":{"start":{"line":24,"column":22},"end":{"line":26,"column":5}},"locations":[{"start":{"line":24,"column":22},"end":{"line":26,"column":5}}]},"2":{"type":"branch","line":26,"loc":{"start":{"line":26,"column":4},"end":{"line":34,"column":13}},"locations":[{"start":{"line":26,"column":4},"end":{"line":34,"column":13}}]},"3":{"type":"branch","line":34,"loc":{"start":{"line":34,"column":4},"end":{"line":38,"column":5}},"locations":[{"start":{"line":34,"column":4},"end":{"line":38,"column":5}}]}},"b":{"0":[21],"1":[1],"2":[20],"3":[0]},"fnMap":{"0":{"name":"analyzeQuery","decl":{"start":{"line":23,"column":2},"end":{"line":39,"column":3}},"loc":{"start":{"line":23,"column":2},"end":{"line":39,"column":3}},"line":23}},"f":{"0":21}}
,"D:\\Prompt War\\virtual-promp-war\\src\\services\\sheetsService.ts": {"path":"D:\\Prompt War\\virtual-promp-war\\src\\services\\sheetsService.ts","all":false,"statementMap":{"0":{"start":{"line":1,"column":0},"end":{"line":1,"column":47}},"12":{"start":{"line":13,"column":0},"end":{"line":13,"column":30}},"20":{"start":{"line":21,"column":0},"end":{"line":21,"column":96}},"21":{"start":{"line":22,"column":0},"end":{"line":22,"column":9}},"22":{"start":{"line":23,"column":0},"end":{"line":23,"column":84}},"23":{"start":{"line":24,"column":0},"end":{"line":24,"column":23}},"24":{"start":{"line":25,"column":0},"end":{"line":25,"column":93}},"25":{"start":{"line":26,"column":0},"end":{"line":26,"column":9}},"26":{"start":{"line":27,"column":0},"end":{"line":27,"column":22}},"27":{"start":{"line":28,"column":0},"end":{"line":28,"column":21}},"28":{"start":{"line":29,"column":0},"end":{"line":29,"column":65}},"29":{"start":{"line":30,"column":0},"end":{"line":30,"column":69}},"30":{"start":{"line":31,"column":0},"end":{"line":31,"column":5}},"31":{"start":{"line":32,"column":0},"end":{"line":32,"column":3}},"32":{"start":{"line":33,"column":0},"end":{"line":33,"column":2}}},"s":{"0":1,"12":1,"20":1,"21":30,"22":30,"23":30,"24":30,"25":30,"26":30,"27":30,"28":0,"29":0,"30":0,"31":30,"32":1},"branchMap":{"0":{"type":"branch","line":21,"loc":{"start":{"line":21,"column":2},"end":{"line":32,"column":3}},"locations":[{"start":{"line":21,"column":2},"end":{"line":32,"column":3}}]},"1":{"type":"branch","line":28,"loc":{"start":{"line":28,"column":4},"end":{"line":31,"column":5}},"locations":[{"start":{"line":28,"column":4},"end":{"line":31,"column":5}}]}},"b":{"0":[30],"1":[0]},"fnMap":{"0":{"name":"logQuizScore","decl":{"start":{"line":21,"column":2},"end":{"line":32,"column":3}},"loc":{"start":{"line":21,"column":2},"end":{"line":32,"column":3}},"line":21}},"f":{"0":30}}
,"D:\\Prompt War\\virtual-promp-war\\src\\services\\translationService.ts": {"path":"D:\\Prompt War\\virtual-promp-war\\src\\services\\translationService.ts","all":false,"statementMap":{"0":{"start":{"line":1,"column":0},"end":{"line":1,"column":47}},"10":{"start":{"line":11,"column":0},"end":{"line":11,"column":35}},"17":{"start":{"line":18,"column":0},"end":{"line":18,"column":78}},"18":{"start":{"line":19,"column":0},"end":{"line":19,"column":23}},"19":{"start":{"line":20,"column":0},"end":{"line":20,"column":18}},"20":{"start":{"line":21,"column":0},"end":{"line":21,"column":5}},"22":{"start":{"line":23,"column":0},"end":{"line":23,"column":9}},"23":{"start":{"line":24,"column":0},"end":{"line":24,"column":86}},"24":{"start":{"line":25,"column":0},"end":{"line":25,"column":23}},"25":{"start":{"line":26,"column":0},"end":{"line":26,"column":55}},"26":{"start":{"line":27,"column":0},"end":{"line":27,"column":9}},"27":{"start":{"line":28,"column":0},"end":{"line":28,"column":37}},"28":{"start":{"line":29,"column":0},"end":{"line":29,"column":21}},"29":{"start":{"line":30,"column":0},"end":{"line":30,"column":100}},"31":{"start":{"line":32,"column":0},"end":{"line":32,"column":19}},"32":{"start":{"line":33,"column":0},"end":{"line":33,"column":5}},"33":{"start":{"line":34,"column":0},"end":{"line":34,"column":3}},"34":{"start":{"line":35,"column":0},"end":{"line":35,"column":2}}},"s":{"0":1,"10":1,"17":1,"18":20,"19":0,"20":0,"22":20,"23":20,"24":20,"25":20,"26":20,"27":20,"28":20,"29":0,"31":0,"32":0,"33":20,"34":1},"branchMap":{"0":{"type":"branch","line":18,"loc":{"start":{"line":18,"column":2},"end":{"line":34,"column":3}},"locations":[{"start":{"line":18,"column":2},"end":{"line":34,"column":3}}]},"1":{"type":"branch","line":19,"loc":{"start":{"line":19,"column":22},"end":{"line":21,"column":5}},"locations":[{"start":{"line":19,"column":22},"end":{"line":21,"column":5}}]},"2":{"type":"branch","line":29,"loc":{"start":{"line":29,"column":4},"end":{"line":33,"column":5}},"locations":[{"start":{"line":29,"column":4},"end":{"line":33,"column":5}}]}},"b":{"0":[20],"1":[0],"2":[0]},"fnMap":{"0":{"name":"translateText","decl":{"start":{"line":18,"column":2},"end":{"line":34,"column":3}},"loc":{"start":{"line":18,"column":2},"end":{"line":34,"column":3}},"line":18}},"f":{"0":20}}
}
